{"E:\\SQA_Full\\Kaydi-Ecommerce\\server\\controllers\\authController.js": {"path":"E:\\SQA_Full\\Kaydi-Ecommerce\\server\\controllers\\authController.js","statementMap":{"0":{"start":{"line":7,"column":22},"end":{"line":48,"column":1}},"1":{"start":{"line":8,"column":40},"end":{"line":8,"column":48}},"2":{"start":{"line":10,"column":2},"end":{"line":12,"column":3}},"3":{"start":{"line":11,"column":4},"end":{"line":11,"column":72}},"4":{"start":{"line":14,"column":2},"end":{"line":18,"column":3}},"5":{"start":{"line":15,"column":4},"end":{"line":17,"column":73}},"6":{"start":{"line":20,"column":2},"end":{"line":24,"column":3}},"7":{"start":{"line":21,"column":4},"end":{"line":23,"column":73}},"8":{"start":{"line":26,"column":22},"end":{"line":26,"column":51}},"9":{"start":{"line":27,"column":2},"end":{"line":29,"column":3}},"10":{"start":{"line":28,"column":4},"end":{"line":28,"column":69}},"11":{"start":{"line":31,"column":25},"end":{"line":31,"column":56}},"12":{"start":{"line":33,"column":18},"end":{"line":37,"column":4}},"13":{"start":{"line":39,"column":2},"end":{"line":47,"column":3}},"14":{"start":{"line":40,"column":4},"end":{"line":40,"column":25}},"15":{"start":{"line":41,"column":4},"end":{"line":44,"column":7}},"16":{"start":{"line":46,"column":4},"end":{"line":46,"column":16}},"17":{"start":{"line":50,"column":22},"end":{"line":112,"column":1}},"18":{"start":{"line":51,"column":30},"end":{"line":51,"column":38}},"19":{"start":{"line":53,"column":2},"end":{"line":55,"column":3}},"20":{"start":{"line":54,"column":4},"end":{"line":54,"column":72}},"21":{"start":{"line":57,"column":2},"end":{"line":111,"column":3}},"22":{"start":{"line":58,"column":22},"end":{"line":58,"column":51}},"23":{"start":{"line":59,"column":4},"end":{"line":61,"column":5}},"24":{"start":{"line":60,"column":6},"end":{"line":60,"column":65}},"25":{"start":{"line":62,"column":26},"end":{"line":62,"column":76}},"26":{"start":{"line":63,"column":4},"end":{"line":65,"column":5}},"27":{"start":{"line":64,"column":6},"end":{"line":64,"column":67}},"28":{"start":{"line":68,"column":24},"end":{"line":76,"column":5}},"29":{"start":{"line":79,"column":25},"end":{"line":87,"column":5}},"30":{"start":{"line":89,"column":40},"end":{"line":89,"column":54}},"31":{"start":{"line":91,"column":25},"end":{"line":91,"column":62}},"32":{"start":{"line":93,"column":4},"end":{"line":105,"column":18}},"33":{"start":{"line":107,"column":4},"end":{"line":107,"column":45}},"34":{"start":{"line":108,"column":4},"end":{"line":110,"column":72}},"35":{"start":{"line":114,"column":23},"end":{"line":126,"column":1}},"36":{"start":{"line":115,"column":2},"end":{"line":125,"column":3}},"37":{"start":{"line":116,"column":4},"end":{"line":122,"column":9}},"38":{"start":{"line":124,"column":4},"end":{"line":124,"column":16}},"39":{"start":{"line":128,"column":22},"end":{"line":230,"column":1}},"40":{"start":{"line":129,"column":33},"end":{"line":129,"column":41}},"41":{"start":{"line":131,"column":2},"end":{"line":229,"column":3}},"42":{"start":{"line":132,"column":17},"end":{"line":132,"column":46}},"43":{"start":{"line":133,"column":4},"end":{"line":226,"column":5}},"44":{"start":{"line":135,"column":26},"end":{"line":143,"column":7}},"45":{"start":{"line":146,"column":27},"end":{"line":154,"column":7}},"46":{"start":{"line":156,"column":42},"end":{"line":156,"column":51}},"47":{"start":{"line":157,"column":27},"end":{"line":157,"column":64}},"48":{"start":{"line":159,"column":6},"end":{"line":171,"column":20}},"49":{"start":{"line":174,"column":8},"end":{"line":175,"column":44}},"50":{"start":{"line":176,"column":29},"end":{"line":176,"column":69}},"51":{"start":{"line":178,"column":22},"end":{"line":185,"column":8}},"52":{"start":{"line":187,"column":6},"end":{"line":187,"column":27}},"53":{"start":{"line":190,"column":26},"end":{"line":198,"column":7}},"54":{"start":{"line":201,"column":27},"end":{"line":209,"column":7}},"55":{"start":{"line":211,"column":42},"end":{"line":211,"column":54}},"56":{"start":{"line":213,"column":6},"end":{"line":225,"column":20}},"57":{"start":{"line":228,"column":4},"end":{"line":228,"column":16}},"58":{"start":{"line":232,"column":28},"end":{"line":262,"column":1}},"59":{"start":{"line":233,"column":16},"end":{"line":233,"column":41}},"60":{"start":{"line":234,"column":2},"end":{"line":236,"column":3}},"61":{"start":{"line":235,"column":4},"end":{"line":235,"column":73}},"62":{"start":{"line":238,"column":2},"end":{"line":261,"column":5}},"63":{"start":{"line":239,"column":4},"end":{"line":241,"column":5}},"64":{"start":{"line":240,"column":6},"end":{"line":240,"column":72}},"65":{"start":{"line":244,"column":27},"end":{"line":252,"column":5}},"66":{"start":{"line":254,"column":4},"end":{"line":258,"column":7}},"67":{"start":{"line":260,"column":4},"end":{"line":260,"column":70}},"68":{"start":{"line":264,"column":30},"end":{"line":312,"column":1}},"69":{"start":{"line":265,"column":20},"end":{"line":265,"column":28}},"70":{"start":{"line":267,"column":2},"end":{"line":269,"column":3}},"71":{"start":{"line":268,"column":4},"end":{"line":268,"column":66}},"72":{"start":{"line":271,"column":2},"end":{"line":311,"column":3}},"73":{"start":{"line":272,"column":21},"end":{"line":272,"column":50}},"74":{"start":{"line":273,"column":4},"end":{"line":275,"column":5}},"75":{"start":{"line":274,"column":6},"end":{"line":274,"column":65}},"76":{"start":{"line":277,"column":23},"end":{"line":277,"column":61}},"77":{"start":{"line":278,"column":24},"end":{"line":281,"column":20}},"78":{"start":{"line":283,"column":4},"end":{"line":283,"column":46}},"79":{"start":{"line":284,"column":4},"end":{"line":284,"column":64}},"80":{"start":{"line":285,"column":4},"end":{"line":285,"column":26}},"81":{"start":{"line":287,"column":24},"end":{"line":293,"column":6}},"82":{"start":{"line":295,"column":22},"end":{"line":295,"column":71}},"83":{"start":{"line":296,"column":24},"end":{"line":301,"column":5}},"84":{"start":{"line":303,"column":4},"end":{"line":303,"column":44}},"85":{"start":{"line":305,"column":4},"end":{"line":307,"column":7}},"86":{"start":{"line":309,"column":4},"end":{"line":309,"column":53}},"87":{"start":{"line":310,"column":4},"end":{"line":310,"column":16}},"88":{"start":{"line":314,"column":29},"end":{"line":346,"column":1}},"89":{"start":{"line":315,"column":20},"end":{"line":315,"column":30}},"90":{"start":{"line":316,"column":26},"end":{"line":316,"column":34}},"91":{"start":{"line":318,"column":2},"end":{"line":322,"column":3}},"92":{"start":{"line":319,"column":4},"end":{"line":321,"column":64}},"93":{"start":{"line":324,"column":2},"end":{"line":345,"column":3}},"94":{"start":{"line":325,"column":24},"end":{"line":325,"column":79}},"95":{"start":{"line":326,"column":21},"end":{"line":329,"column":6}},"96":{"start":{"line":331,"column":4},"end":{"line":333,"column":5}},"97":{"start":{"line":332,"column":6},"end":{"line":332,"column":75}},"98":{"start":{"line":335,"column":27},"end":{"line":335,"column":61}},"99":{"start":{"line":336,"column":4},"end":{"line":336,"column":39}},"100":{"start":{"line":337,"column":4},"end":{"line":337,"column":39}},"101":{"start":{"line":338,"column":4},"end":{"line":338,"column":41}},"102":{"start":{"line":340,"column":4},"end":{"line":340,"column":26}},"103":{"start":{"line":342,"column":4},"end":{"line":342,"column":69}},"104":{"start":{"line":344,"column":4},"end":{"line":344,"column":16}}},"fnMap":{"0":{"name":"(anonymous_0)","decl":{"start":{"line":7,"column":22},"end":{"line":7,"column":23}},"loc":{"start":{"line":7,"column":48},"end":{"line":48,"column":1}},"line":7},"1":{"name":"(anonymous_1)","decl":{"start":{"line":50,"column":22},"end":{"line":50,"column":23}},"loc":{"start":{"line":50,"column":48},"end":{"line":112,"column":1}},"line":50},"2":{"name":"(anonymous_2)","decl":{"start":{"line":114,"column":23},"end":{"line":114,"column":24}},"loc":{"start":{"line":114,"column":49},"end":{"line":126,"column":1}},"line":114},"3":{"name":"(anonymous_3)","decl":{"start":{"line":128,"column":22},"end":{"line":128,"column":23}},"loc":{"start":{"line":128,"column":48},"end":{"line":230,"column":1}},"line":128},"4":{"name":"(anonymous_4)","decl":{"start":{"line":232,"column":28},"end":{"line":232,"column":29}},"loc":{"start":{"line":232,"column":54},"end":{"line":262,"column":1}},"line":232},"5":{"name":"(anonymous_5)","decl":{"start":{"line":238,"column":52},"end":{"line":238,"column":53}},"loc":{"start":{"line":238,"column":67},"end":{"line":261,"column":3}},"line":238},"6":{"name":"(anonymous_6)","decl":{"start":{"line":264,"column":30},"end":{"line":264,"column":31}},"loc":{"start":{"line":264,"column":56},"end":{"line":312,"column":1}},"line":264},"7":{"name":"(anonymous_7)","decl":{"start":{"line":314,"column":29},"end":{"line":314,"column":30}},"loc":{"start":{"line":314,"column":55},"end":{"line":346,"column":1}},"line":314}},"branchMap":{"0":{"loc":{"start":{"line":10,"column":2},"end":{"line":12,"column":3}},"type":"if","locations":[{"start":{"line":10,"column":2},"end":{"line":12,"column":3}},{"start":{},"end":{}}],"line":10},"1":{"loc":{"start":{"line":10,"column":6},"end":{"line":10,"column":60}},"type":"binary-expr","locations":[{"start":{"line":10,"column":6},"end":{"line":10,"column":12}},{"start":{"line":10,"column":16},"end":{"line":10,"column":25}},{"start":{"line":10,"column":29},"end":{"line":10,"column":41}},{"start":{"line":10,"column":45},"end":{"line":10,"column":60}}],"line":10},"2":{"loc":{"start":{"line":14,"column":2},"end":{"line":18,"column":3}},"type":"if","locations":[{"start":{"line":14,"column":2},"end":{"line":18,"column":3}},{"start":{},"end":{}}],"line":14},"3":{"loc":{"start":{"line":14,"column":6},"end":{"line":14,"column":76}},"type":"binary-expr","locations":[{"start":{"line":14,"column":6},"end":{"line":14,"column":15}},{"start":{"line":14,"column":19},"end":{"line":14,"column":45}},{"start":{"line":14,"column":49},"end":{"line":14,"column":76}}],"line":14},"4":{"loc":{"start":{"line":20,"column":2},"end":{"line":24,"column":3}},"type":"if","locations":[{"start":{"line":20,"column":2},"end":{"line":24,"column":3}},{"start":{},"end":{}}],"line":20},"5":{"loc":{"start":{"line":20,"column":6},"end":{"line":20,"column":49}},"type":"binary-expr","locations":[{"start":{"line":20,"column":6},"end":{"line":20,"column":25}},{"start":{"line":20,"column":29},"end":{"line":20,"column":49}}],"line":20},"6":{"loc":{"start":{"line":27,"column":2},"end":{"line":29,"column":3}},"type":"if","locations":[{"start":{"line":27,"column":2},"end":{"line":29,"column":3}},{"start":{},"end":{}}],"line":27},"7":{"loc":{"start":{"line":53,"column":2},"end":{"line":55,"column":3}},"type":"if","locations":[{"start":{"line":53,"column":2},"end":{"line":55,"column":3}},{"start":{},"end":{}}],"line":53},"8":{"loc":{"start":{"line":53,"column":6},"end":{"line":53,"column":60}},"type":"binary-expr","locations":[{"start":{"line":53,"column":6},"end":{"line":53,"column":12}},{"start":{"line":53,"column":16},"end":{"line":53,"column":25}},{"start":{"line":53,"column":29},"end":{"line":53,"column":41}},{"start":{"line":53,"column":45},"end":{"line":53,"column":60}}],"line":53},"9":{"loc":{"start":{"line":59,"column":4},"end":{"line":61,"column":5}},"type":"if","locations":[{"start":{"line":59,"column":4},"end":{"line":61,"column":5}},{"start":{},"end":{}}],"line":59},"10":{"loc":{"start":{"line":63,"column":4},"end":{"line":65,"column":5}},"type":"if","locations":[{"start":{"line":63,"column":4},"end":{"line":65,"column":5}},{"start":{},"end":{}}],"line":63},"11":{"loc":{"start":{"line":98,"column":18},"end":{"line":98,"column":47}},"type":"cond-expr","locations":[{"start":{"line":98,"column":33},"end":{"line":98,"column":39}},{"start":{"line":98,"column":42},"end":{"line":98,"column":47}}],"line":98},"12":{"loc":{"start":{"line":103,"column":18},"end":{"line":103,"column":47}},"type":"cond-expr","locations":[{"start":{"line":103,"column":33},"end":{"line":103,"column":39}},{"start":{"line":103,"column":42},"end":{"line":103,"column":47}}],"line":103},"13":{"loc":{"start":{"line":133,"column":4},"end":{"line":226,"column":5}},"type":"if","locations":[{"start":{"line":133,"column":4},"end":{"line":226,"column":5}},{"start":{"line":172,"column":11},"end":{"line":226,"column":5}}],"line":133},"14":{"loc":{"start":{"line":164,"column":20},"end":{"line":164,"column":49}},"type":"cond-expr","locations":[{"start":{"line":164,"column":35},"end":{"line":164,"column":41}},{"start":{"line":164,"column":44},"end":{"line":164,"column":49}}],"line":164},"15":{"loc":{"start":{"line":169,"column":20},"end":{"line":169,"column":49}},"type":"cond-expr","locations":[{"start":{"line":169,"column":35},"end":{"line":169,"column":41}},{"start":{"line":169,"column":44},"end":{"line":169,"column":49}}],"line":169},"16":{"loc":{"start":{"line":218,"column":20},"end":{"line":218,"column":49}},"type":"cond-expr","locations":[{"start":{"line":218,"column":35},"end":{"line":218,"column":41}},{"start":{"line":218,"column":44},"end":{"line":218,"column":49}}],"line":218},"17":{"loc":{"start":{"line":223,"column":20},"end":{"line":223,"column":49}},"type":"cond-expr","locations":[{"start":{"line":223,"column":35},"end":{"line":223,"column":41}},{"start":{"line":223,"column":44},"end":{"line":223,"column":49}}],"line":223},"18":{"loc":{"start":{"line":234,"column":2},"end":{"line":236,"column":3}},"type":"if","locations":[{"start":{"line":234,"column":2},"end":{"line":236,"column":3}},{"start":{},"end":{}}],"line":234},"19":{"loc":{"start":{"line":239,"column":4},"end":{"line":241,"column":5}},"type":"if","locations":[{"start":{"line":239,"column":4},"end":{"line":241,"column":5}},{"start":{},"end":{}}],"line":239},"20":{"loc":{"start":{"line":267,"column":2},"end":{"line":269,"column":3}},"type":"if","locations":[{"start":{"line":267,"column":2},"end":{"line":269,"column":3}},{"start":{},"end":{}}],"line":267},"21":{"loc":{"start":{"line":267,"column":6},"end":{"line":267,"column":28}},"type":"binary-expr","locations":[{"start":{"line":267,"column":6},"end":{"line":267,"column":12}},{"start":{"line":267,"column":16},"end":{"line":267,"column":28}}],"line":267},"22":{"loc":{"start":{"line":273,"column":4},"end":{"line":275,"column":5}},"type":"if","locations":[{"start":{"line":273,"column":4},"end":{"line":275,"column":5}},{"start":{},"end":{}}],"line":273},"23":{"loc":{"start":{"line":318,"column":2},"end":{"line":322,"column":3}},"type":"if","locations":[{"start":{"line":318,"column":2},"end":{"line":322,"column":3}},{"start":{},"end":{}}],"line":318},"24":{"loc":{"start":{"line":318,"column":6},"end":{"line":318,"column":50}},"type":"binary-expr","locations":[{"start":{"line":318,"column":6},"end":{"line":318,"column":12}},{"start":{"line":318,"column":16},"end":{"line":318,"column":28}},{"start":{"line":318,"column":32},"end":{"line":318,"column":50}}],"line":318},"25":{"loc":{"start":{"line":331,"column":4},"end":{"line":333,"column":5}},"type":"if","locations":[{"start":{"line":331,"column":4},"end":{"line":333,"column":5}},{"start":{},"end":{}}],"line":331}},"s":{"0":1,"1":1,"2":1,"3":0,"4":1,"5":0,"6":1,"7":0,"8":1,"9":1,"10":0,"11":1,"12":1,"13":1,"14":1,"15":1,"16":0,"17":1,"18":1,"19":1,"20":0,"21":1,"22":1,"23":1,"24":0,"25":1,"26":1,"27":0,"28":1,"29":1,"30":1,"31":1,"32":1,"33":0,"34":0,"35":1,"36":1,"37":1,"38":0,"39":1,"40":0,"41":0,"42":0,"43":0,"44":0,"45":0,"46":0,"47":0,"48":0,"49":0,"50":0,"51":0,"52":0,"53":0,"54":0,"55":0,"56":0,"57":0,"58":1,"59":1,"60":1,"61":0,"62":1,"63":1,"64":0,"65":1,"66":1,"67":1,"68":1,"69":0,"70":0,"71":0,"72":0,"73":0,"74":0,"75":0,"76":0,"77":0,"78":0,"79":0,"80":0,"81":0,"82":0,"83":0,"84":0,"85":0,"86":0,"87":0,"88":1,"89":0,"90":0,"91":0,"92":0,"93":0,"94":0,"95":0,"96":0,"97":0,"98":0,"99":0,"100":0,"101":0,"102":0,"103":0,"104":0},"f":{"0":1,"1":1,"2":1,"3":0,"4":1,"5":1,"6":0,"7":0},"b":{"0":[0,1],"1":[1,1,1,1],"2":[0,1],"3":[1,1,1],"4":[0,1],"5":[1,1],"6":[0,1],"7":[0,1],"8":[1,1,1,1],"9":[0,1],"10":[0,1],"11":[0,1],"12":[0,1],"13":[0,0],"14":[0,0],"15":[0,0],"16":[0,0],"17":[0,0],"18":[0,1],"19":[0,1],"20":[0,0],"21":[0,0],"22":[0,0],"23":[0,0],"24":[0,0,0],"25":[0,0]},"_coverageSchema":"1a1c01bbd47fc00a2c39e90264f33305004495a9","hash":"1162cc71eb3a7dabb4d5d94394bc975de4efbbe5"}
,"E:\\SQA_Full\\Kaydi-Ecommerce\\server\\controllers\\cartController.js": {"path":"E:\\SQA_Full\\Kaydi-Ecommerce\\server\\controllers\\cartController.js","statementMap":{"0":{"start":{"line":5,"column":25},"end":{"line":59,"column":1}},"1":{"start":{"line":6,"column":55},"end":{"line":6,"column":63}},"2":{"start":{"line":8,"column":2},"end":{"line":12,"column":3}},"3":{"start":{"line":9,"column":4},"end":{"line":11,"column":7}},"4":{"start":{"line":14,"column":2},"end":{"line":58,"column":3}},"5":{"start":{"line":15,"column":15},"end":{"line":15,"column":45}},"6":{"start":{"line":16,"column":4},"end":{"line":18,"column":5}},"7":{"start":{"line":17,"column":6},"end":{"line":17,"column":48}},"8":{"start":{"line":20,"column":20},"end":{"line":20,"column":53}},"9":{"start":{"line":21,"column":4},"end":{"line":23,"column":5}},"10":{"start":{"line":22,"column":6},"end":{"line":22,"column":68}},"11":{"start":{"line":25,"column":25},"end":{"line":30,"column":5}},"12":{"start":{"line":27,"column":8},"end":{"line":29,"column":26}},"13":{"start":{"line":32,"column":4},"end":{"line":44,"column":5}},"14":{"start":{"line":33,"column":6},"end":{"line":33,"column":55}},"15":{"start":{"line":35,"column":6},"end":{"line":43,"column":9}},"16":{"start":{"line":46,"column":4},"end":{"line":49,"column":6}},"17":{"start":{"line":47,"column":23},"end":{"line":47,"column":57}},"18":{"start":{"line":51,"column":24},"end":{"line":51,"column":41}},"19":{"start":{"line":52,"column":4},"end":{"line":52,"column":45}},"20":{"start":{"line":54,"column":4},"end":{"line":54,"column":49}},"21":{"start":{"line":55,"column":4},"end":{"line":57,"column":72}},"22":{"start":{"line":62,"column":30},"end":{"line":107,"column":1}},"23":{"start":{"line":63,"column":45},"end":{"line":63,"column":53}},"24":{"start":{"line":64,"column":2},"end":{"line":106,"column":3}},"25":{"start":{"line":66,"column":17},"end":{"line":66,"column":47}},"26":{"start":{"line":68,"column":4},"end":{"line":70,"column":5}},"27":{"start":{"line":69,"column":6},"end":{"line":69,"column":65}},"28":{"start":{"line":73,"column":25},"end":{"line":78,"column":5}},"29":{"start":{"line":75,"column":8},"end":{"line":77,"column":26}},"30":{"start":{"line":79,"column":4},"end":{"line":81,"column":5}},"31":{"start":{"line":80,"column":6},"end":{"line":80,"column":76}},"32":{"start":{"line":84,"column":4},"end":{"line":84,"column":42}},"33":{"start":{"line":87,"column":4},"end":{"line":90,"column":6}},"34":{"start":{"line":88,"column":23},"end":{"line":88,"column":57}},"35":{"start":{"line":93,"column":24},"end":{"line":93,"column":41}},"36":{"start":{"line":95,"column":26},"end":{"line":98,"column":5}},"37":{"start":{"line":96,"column":23},"end":{"line":96,"column":44}},"38":{"start":{"line":100,"column":4},"end":{"line":103,"column":7}},"39":{"start":{"line":105,"column":4},"end":{"line":105,"column":16}},"40":{"start":{"line":109,"column":27},"end":{"line":140,"column":1}},"41":{"start":{"line":110,"column":21},"end":{"line":110,"column":31}},"42":{"start":{"line":112,"column":2},"end":{"line":116,"column":3}},"43":{"start":{"line":113,"column":4},"end":{"line":115,"column":61}},"44":{"start":{"line":118,"column":2},"end":{"line":139,"column":3}},"45":{"start":{"line":119,"column":17},"end":{"line":119,"column":47}},"46":{"start":{"line":121,"column":4},"end":{"line":123,"column":5}},"47":{"start":{"line":122,"column":6},"end":{"line":122,"column":77}},"48":{"start":{"line":125,"column":31},"end":{"line":125,"column":51}},"49":{"start":{"line":127,"column":26},"end":{"line":130,"column":5}},"50":{"start":{"line":128,"column":23},"end":{"line":128,"column":44}},"51":{"start":{"line":132,"column":4},"end":{"line":136,"column":7}},"52":{"start":{"line":138,"column":4},"end":{"line":138,"column":16}},"53":{"start":{"line":142,"column":30},"end":{"line":204,"column":1}},"54":{"start":{"line":143,"column":59},"end":{"line":143,"column":67}},"55":{"start":{"line":144,"column":17},"end":{"line":144,"column":34}},"56":{"start":{"line":145,"column":2},"end":{"line":149,"column":3}},"57":{"start":{"line":146,"column":4},"end":{"line":148,"column":73}},"58":{"start":{"line":150,"column":2},"end":{"line":203,"column":3}},"59":{"start":{"line":151,"column":15},"end":{"line":151,"column":45}},"60":{"start":{"line":152,"column":4},"end":{"line":154,"column":5}},"61":{"start":{"line":153,"column":6},"end":{"line":153,"column":48}},"62":{"start":{"line":156,"column":25},"end":{"line":161,"column":5}},"63":{"start":{"line":158,"column":8},"end":{"line":160,"column":26}},"64":{"start":{"line":163,"column":4},"end":{"line":181,"column":5}},"65":{"start":{"line":164,"column":6},"end":{"line":178,"column":7}},"66":{"start":{"line":165,"column":8},"end":{"line":165,"column":42}},"67":{"start":{"line":166,"column":13},"end":{"line":178,"column":7}},"68":{"start":{"line":167,"column":8},"end":{"line":167,"column":42}},"69":{"start":{"line":168,"column":8},"end":{"line":177,"column":9}},"70":{"start":{"line":169,"column":10},"end":{"line":176,"column":12}},"71":{"start":{"line":171,"column":14},"end":{"line":175,"column":15}},"72":{"start":{"line":180,"column":6},"end":{"line":180,"column":76}},"73":{"start":{"line":183,"column":4},"end":{"line":186,"column":6}},"74":{"start":{"line":184,"column":23},"end":{"line":184,"column":57}},"75":{"start":{"line":188,"column":24},"end":{"line":188,"column":41}},"76":{"start":{"line":190,"column":31},"end":{"line":190,"column":58}},"77":{"start":{"line":192,"column":26},"end":{"line":195,"column":5}},"78":{"start":{"line":193,"column":23},"end":{"line":193,"column":44}},"79":{"start":{"line":197,"column":4},"end":{"line":200,"column":7}},"80":{"start":{"line":202,"column":4},"end":{"line":202,"column":16}},"81":{"start":{"line":206,"column":30},"end":{"line":236,"column":1}},"82":{"start":{"line":207,"column":34},"end":{"line":207,"column":42}},"83":{"start":{"line":208,"column":2},"end":{"line":212,"column":3}},"84":{"start":{"line":209,"column":4},"end":{"line":211,"column":72}},"85":{"start":{"line":213,"column":2},"end":{"line":235,"column":3}},"86":{"start":{"line":214,"column":17},"end":{"line":214,"column":47}},"87":{"start":{"line":215,"column":4},"end":{"line":217,"column":5}},"88":{"start":{"line":216,"column":6},"end":{"line":216,"column":65}},"89":{"start":{"line":219,"column":23},"end":{"line":226,"column":5}},"90":{"start":{"line":220,"column":6},"end":{"line":225,"column":7}},"91":{"start":{"line":222,"column":10},"end":{"line":224,"column":41}},"92":{"start":{"line":228,"column":4},"end":{"line":230,"column":5}},"93":{"start":{"line":229,"column":6},"end":{"line":229,"column":73}},"94":{"start":{"line":232,"column":4},"end":{"line":232,"column":37}},"95":{"start":{"line":234,"column":4},"end":{"line":234,"column":16}},"96":{"start":{"line":239,"column":35},"end":{"line":288,"column":1}},"97":{"start":{"line":240,"column":37},"end":{"line":240,"column":45}},"98":{"start":{"line":241,"column":2},"end":{"line":245,"column":3}},"99":{"start":{"line":242,"column":4},"end":{"line":244,"column":72}},"100":{"start":{"line":246,"column":2},"end":{"line":287,"column":3}},"101":{"start":{"line":247,"column":21},"end":{"line":247,"column":51}},"102":{"start":{"line":248,"column":4},"end":{"line":250,"column":5}},"103":{"start":{"line":249,"column":6},"end":{"line":249,"column":65}},"104":{"start":{"line":252,"column":4},"end":{"line":267,"column":7}},"105":{"start":{"line":253,"column":27},"end":{"line":258,"column":7}},"106":{"start":{"line":255,"column":10},"end":{"line":257,"column":28}},"107":{"start":{"line":260,"column":6},"end":{"line":262,"column":7}},"108":{"start":{"line":261,"column":8},"end":{"line":261,"column":70}},"109":{"start":{"line":264,"column":6},"end":{"line":266,"column":7}},"110":{"start":{"line":265,"column":8},"end":{"line":265,"column":50}},"111":{"start":{"line":269,"column":4},"end":{"line":272,"column":6}},"112":{"start":{"line":270,"column":23},"end":{"line":270,"column":57}},"113":{"start":{"line":274,"column":26},"end":{"line":277,"column":5}},"114":{"start":{"line":275,"column":23},"end":{"line":275,"column":44}},"115":{"start":{"line":279,"column":24},"end":{"line":279,"column":45}},"116":{"start":{"line":280,"column":4},"end":{"line":284,"column":7}},"117":{"start":{"line":286,"column":4},"end":{"line":286,"column":16}}},"fnMap":{"0":{"name":"(anonymous_0)","decl":{"start":{"line":5,"column":25},"end":{"line":5,"column":26}},"loc":{"start":{"line":5,"column":51},"end":{"line":59,"column":1}},"line":5},"1":{"name":"(anonymous_1)","decl":{"start":{"line":26,"column":6},"end":{"line":26,"column":7}},"loc":{"start":{"line":27,"column":8},"end":{"line":29,"column":26}},"line":27},"2":{"name":"(anonymous_2)","decl":{"start":{"line":47,"column":6},"end":{"line":47,"column":7}},"loc":{"start":{"line":47,"column":23},"end":{"line":47,"column":57}},"line":47},"3":{"name":"(anonymous_3)","decl":{"start":{"line":62,"column":30},"end":{"line":62,"column":31}},"loc":{"start":{"line":62,"column":56},"end":{"line":107,"column":1}},"line":62},"4":{"name":"(anonymous_4)","decl":{"start":{"line":74,"column":6},"end":{"line":74,"column":7}},"loc":{"start":{"line":75,"column":8},"end":{"line":77,"column":26}},"line":75},"5":{"name":"(anonymous_5)","decl":{"start":{"line":88,"column":6},"end":{"line":88,"column":7}},"loc":{"start":{"line":88,"column":23},"end":{"line":88,"column":57}},"line":88},"6":{"name":"(anonymous_6)","decl":{"start":{"line":96,"column":6},"end":{"line":96,"column":7}},"loc":{"start":{"line":96,"column":23},"end":{"line":96,"column":44}},"line":96},"7":{"name":"(anonymous_7)","decl":{"start":{"line":109,"column":27},"end":{"line":109,"column":28}},"loc":{"start":{"line":109,"column":53},"end":{"line":140,"column":1}},"line":109},"8":{"name":"(anonymous_8)","decl":{"start":{"line":128,"column":6},"end":{"line":128,"column":7}},"loc":{"start":{"line":128,"column":23},"end":{"line":128,"column":44}},"line":128},"9":{"name":"(anonymous_9)","decl":{"start":{"line":142,"column":30},"end":{"line":142,"column":31}},"loc":{"start":{"line":142,"column":56},"end":{"line":204,"column":1}},"line":142},"10":{"name":"(anonymous_10)","decl":{"start":{"line":157,"column":6},"end":{"line":157,"column":7}},"loc":{"start":{"line":158,"column":8},"end":{"line":160,"column":26}},"line":158},"11":{"name":"(anonymous_11)","decl":{"start":{"line":170,"column":12},"end":{"line":170,"column":13}},"loc":{"start":{"line":171,"column":14},"end":{"line":175,"column":15}},"line":171},"12":{"name":"(anonymous_12)","decl":{"start":{"line":184,"column":6},"end":{"line":184,"column":7}},"loc":{"start":{"line":184,"column":23},"end":{"line":184,"column":57}},"line":184},"13":{"name":"(anonymous_13)","decl":{"start":{"line":193,"column":6},"end":{"line":193,"column":7}},"loc":{"start":{"line":193,"column":23},"end":{"line":193,"column":44}},"line":193},"14":{"name":"(anonymous_14)","decl":{"start":{"line":206,"column":30},"end":{"line":206,"column":31}},"loc":{"start":{"line":206,"column":56},"end":{"line":236,"column":1}},"line":206},"15":{"name":"(anonymous_15)","decl":{"start":{"line":219,"column":44},"end":{"line":219,"column":45}},"loc":{"start":{"line":220,"column":6},"end":{"line":225,"column":7}},"line":220},"16":{"name":"(anonymous_16)","decl":{"start":{"line":221,"column":8},"end":{"line":221,"column":9}},"loc":{"start":{"line":222,"column":10},"end":{"line":224,"column":41}},"line":222},"17":{"name":"(anonymous_17)","decl":{"start":{"line":239,"column":35},"end":{"line":239,"column":36}},"loc":{"start":{"line":239,"column":61},"end":{"line":288,"column":1}},"line":239},"18":{"name":"(anonymous_18)","decl":{"start":{"line":252,"column":27},"end":{"line":252,"column":28}},"loc":{"start":{"line":252,"column":59},"end":{"line":267,"column":5}},"line":252},"19":{"name":"(anonymous_19)","decl":{"start":{"line":254,"column":8},"end":{"line":254,"column":9}},"loc":{"start":{"line":255,"column":10},"end":{"line":257,"column":28}},"line":255},"20":{"name":"(anonymous_20)","decl":{"start":{"line":270,"column":6},"end":{"line":270,"column":7}},"loc":{"start":{"line":270,"column":23},"end":{"line":270,"column":57}},"line":270},"21":{"name":"(anonymous_21)","decl":{"start":{"line":275,"column":6},"end":{"line":275,"column":7}},"loc":{"start":{"line":275,"column":23},"end":{"line":275,"column":44}},"line":275}},"branchMap":{"0":{"loc":{"start":{"line":8,"column":2},"end":{"line":12,"column":3}},"type":"if","locations":[{"start":{"line":8,"column":2},"end":{"line":12,"column":3}},{"start":{},"end":{}}],"line":8},"1":{"loc":{"start":{"line":16,"column":4},"end":{"line":18,"column":5}},"type":"if","locations":[{"start":{"line":16,"column":4},"end":{"line":18,"column":5}},{"start":{},"end":{}}],"line":16},"2":{"loc":{"start":{"line":21,"column":4},"end":{"line":23,"column":5}},"type":"if","locations":[{"start":{"line":21,"column":4},"end":{"line":23,"column":5}},{"start":{},"end":{}}],"line":21},"3":{"loc":{"start":{"line":27,"column":8},"end":{"line":29,"column":26}},"type":"binary-expr","locations":[{"start":{"line":27,"column":8},"end":{"line":27,"column":47}},{"start":{"line":28,"column":8},"end":{"line":28,"column":28}},{"start":{"line":29,"column":8},"end":{"line":29,"column":26}}],"line":27},"4":{"loc":{"start":{"line":32,"column":4},"end":{"line":44,"column":5}},"type":"if","locations":[{"start":{"line":32,"column":4},"end":{"line":44,"column":5}},{"start":{"line":34,"column":11},"end":{"line":44,"column":5}}],"line":32},"5":{"loc":{"start":{"line":68,"column":4},"end":{"line":70,"column":5}},"type":"if","locations":[{"start":{"line":68,"column":4},"end":{"line":70,"column":5}},{"start":{},"end":{}}],"line":68},"6":{"loc":{"start":{"line":75,"column":8},"end":{"line":77,"column":26}},"type":"binary-expr","locations":[{"start":{"line":75,"column":8},"end":{"line":75,"column":47}},{"start":{"line":76,"column":8},"end":{"line":76,"column":28}},{"start":{"line":77,"column":8},"end":{"line":77,"column":26}}],"line":75},"7":{"loc":{"start":{"line":79,"column":4},"end":{"line":81,"column":5}},"type":"if","locations":[{"start":{"line":79,"column":4},"end":{"line":81,"column":5}},{"start":{},"end":{}}],"line":79},"8":{"loc":{"start":{"line":112,"column":2},"end":{"line":116,"column":3}},"type":"if","locations":[{"start":{"line":112,"column":2},"end":{"line":116,"column":3}},{"start":{},"end":{}}],"line":112},"9":{"loc":{"start":{"line":121,"column":4},"end":{"line":123,"column":5}},"type":"if","locations":[{"start":{"line":121,"column":4},"end":{"line":123,"column":5}},{"start":{},"end":{}}],"line":121},"10":{"loc":{"start":{"line":145,"column":2},"end":{"line":149,"column":3}},"type":"if","locations":[{"start":{"line":145,"column":2},"end":{"line":149,"column":3}},{"start":{},"end":{}}],"line":145},"11":{"loc":{"start":{"line":152,"column":4},"end":{"line":154,"column":5}},"type":"if","locations":[{"start":{"line":152,"column":4},"end":{"line":154,"column":5}},{"start":{},"end":{}}],"line":152},"12":{"loc":{"start":{"line":158,"column":8},"end":{"line":160,"column":26}},"type":"binary-expr","locations":[{"start":{"line":158,"column":8},"end":{"line":158,"column":47}},{"start":{"line":159,"column":8},"end":{"line":159,"column":28}},{"start":{"line":160,"column":8},"end":{"line":160,"column":26}}],"line":158},"13":{"loc":{"start":{"line":163,"column":4},"end":{"line":181,"column":5}},"type":"if","locations":[{"start":{"line":163,"column":4},"end":{"line":181,"column":5}},{"start":{"line":179,"column":11},"end":{"line":181,"column":5}}],"line":163},"14":{"loc":{"start":{"line":164,"column":6},"end":{"line":178,"column":7}},"type":"if","locations":[{"start":{"line":164,"column":6},"end":{"line":178,"column":7}},{"start":{"line":166,"column":13},"end":{"line":178,"column":7}}],"line":164},"15":{"loc":{"start":{"line":166,"column":13},"end":{"line":178,"column":7}},"type":"if","locations":[{"start":{"line":166,"column":13},"end":{"line":178,"column":7}},{"start":{},"end":{}}],"line":166},"16":{"loc":{"start":{"line":168,"column":8},"end":{"line":177,"column":9}},"type":"if","locations":[{"start":{"line":168,"column":8},"end":{"line":177,"column":9}},{"start":{},"end":{}}],"line":168},"17":{"loc":{"start":{"line":172,"column":16},"end":{"line":174,"column":34}},"type":"binary-expr","locations":[{"start":{"line":172,"column":16},"end":{"line":172,"column":55}},{"start":{"line":173,"column":16},"end":{"line":173,"column":36}},{"start":{"line":174,"column":16},"end":{"line":174,"column":34}}],"line":172},"18":{"loc":{"start":{"line":208,"column":2},"end":{"line":212,"column":3}},"type":"if","locations":[{"start":{"line":208,"column":2},"end":{"line":212,"column":3}},{"start":{},"end":{}}],"line":208},"19":{"loc":{"start":{"line":215,"column":4},"end":{"line":217,"column":5}},"type":"if","locations":[{"start":{"line":215,"column":4},"end":{"line":217,"column":5}},{"start":{},"end":{}}],"line":215},"20":{"loc":{"start":{"line":222,"column":10},"end":{"line":224,"column":41}},"type":"binary-expr","locations":[{"start":{"line":222,"column":10},"end":{"line":222,"column":60}},{"start":{"line":223,"column":10},"end":{"line":223,"column":39}},{"start":{"line":224,"column":10},"end":{"line":224,"column":41}}],"line":222},"21":{"loc":{"start":{"line":228,"column":4},"end":{"line":230,"column":5}},"type":"if","locations":[{"start":{"line":228,"column":4},"end":{"line":230,"column":5}},{"start":{},"end":{}}],"line":228},"22":{"loc":{"start":{"line":241,"column":2},"end":{"line":245,"column":3}},"type":"if","locations":[{"start":{"line":241,"column":2},"end":{"line":245,"column":3}},{"start":{},"end":{}}],"line":241},"23":{"loc":{"start":{"line":248,"column":4},"end":{"line":250,"column":5}},"type":"if","locations":[{"start":{"line":248,"column":4},"end":{"line":250,"column":5}},{"start":{},"end":{}}],"line":248},"24":{"loc":{"start":{"line":255,"column":10},"end":{"line":257,"column":28}},"type":"binary-expr","locations":[{"start":{"line":255,"column":10},"end":{"line":255,"column":49}},{"start":{"line":256,"column":10},"end":{"line":256,"column":30}},{"start":{"line":257,"column":10},"end":{"line":257,"column":28}}],"line":255},"25":{"loc":{"start":{"line":260,"column":6},"end":{"line":262,"column":7}},"type":"if","locations":[{"start":{"line":260,"column":6},"end":{"line":262,"column":7}},{"start":{},"end":{}}],"line":260},"26":{"loc":{"start":{"line":264,"column":6},"end":{"line":266,"column":7}},"type":"if","locations":[{"start":{"line":264,"column":6},"end":{"line":266,"column":7}},{"start":{},"end":{}}],"line":264}},"s":{"0":1,"1":7,"2":7,"3":0,"4":7,"5":7,"6":7,"7":6,"8":7,"9":7,"10":0,"11":7,"12":1,"13":7,"14":0,"15":7,"16":7,"17":8,"18":7,"19":7,"20":0,"21":0,"22":1,"23":1,"24":1,"25":1,"26":1,"27":0,"28":1,"29":1,"30":1,"31":0,"32":1,"33":1,"34":0,"35":1,"36":1,"37":0,"38":1,"39":0,"40":1,"41":1,"42":1,"43":0,"44":1,"45":1,"46":1,"47":0,"48":1,"49":1,"50":1,"51":1,"52":0,"53":1,"54":1,"55":1,"56":1,"57":0,"58":1,"59":1,"60":1,"61":0,"62":1,"63":1,"64":1,"65":1,"66":1,"67":0,"68":0,"69":0,"70":0,"71":0,"72":0,"73":1,"74":1,"75":1,"76":1,"77":1,"78":1,"79":1,"80":0,"81":1,"82":1,"83":1,"84":0,"85":1,"86":1,"87":1,"88":0,"89":1,"90":1,"91":1,"92":1,"93":0,"94":1,"95":0,"96":1,"97":1,"98":1,"99":0,"100":1,"101":1,"102":1,"103":0,"104":1,"105":2,"106":2,"107":2,"108":0,"109":2,"110":2,"111":1,"112":0,"113":1,"114":0,"115":1,"116":1,"117":0},"f":{"0":7,"1":1,"2":8,"3":1,"4":1,"5":0,"6":0,"7":1,"8":1,"9":1,"10":1,"11":0,"12":1,"13":1,"14":1,"15":1,"16":1,"17":1,"18":2,"19":2,"20":0,"21":0},"b":{"0":[0,7],"1":[6,1],"2":[0,7],"3":[1,0,0],"4":[0,7],"5":[0,1],"6":[1,1,1],"7":[0,1],"8":[0,1],"9":[0,1],"10":[0,1],"11":[0,1],"12":[1,1,1],"13":[1,0],"14":[1,0],"15":[0,0],"16":[0,0],"17":[0,0,0],"18":[0,1],"19":[0,1],"20":[1,1,1],"21":[0,1],"22":[0,1],"23":[0,1],"24":[2,2,2],"25":[0,2],"26":[2,0]},"_coverageSchema":"1a1c01bbd47fc00a2c39e90264f33305004495a9","hash":"e050ab84292dbe5de7c5af572f843bc41669a216"}
,"E:\\SQA_Full\\Kaydi-Ecommerce\\server\\controllers\\categoryController.js": {"path":"E:\\SQA_Full\\Kaydi-Ecommerce\\server\\controllers\\categoryController.js","statementMap":{"0":{"start":{"line":5,"column":30},"end":{"line":29,"column":1}},"1":{"start":{"line":6,"column":2},"end":{"line":10,"column":3}},"2":{"start":{"line":7,"column":4},"end":{"line":9,"column":67}},"3":{"start":{"line":12,"column":50},"end":{"line":12,"column":58}},"4":{"start":{"line":13,"column":22},"end":{"line":18,"column":4}},"5":{"start":{"line":20,"column":2},"end":{"line":28,"column":3}},"6":{"start":{"line":21,"column":26},"end":{"line":21,"column":50}},"7":{"start":{"line":22,"column":4},"end":{"line":22,"column":47}},"8":{"start":{"line":24,"column":4},"end":{"line":24,"column":56}},"9":{"start":{"line":25,"column":4},"end":{"line":27,"column":72}},"10":{"start":{"line":31,"column":32},"end":{"line":73,"column":1}},"11":{"start":{"line":32,"column":2},"end":{"line":72,"column":3}},"12":{"start":{"line":33,"column":28},"end":{"line":33,"column":72}},"13":{"start":{"line":34,"column":26},"end":{"line":34,"column":57}},"14":{"start":{"line":36,"column":4},"end":{"line":38,"column":5}},"15":{"start":{"line":37,"column":6},"end":{"line":37,"column":68}},"16":{"start":{"line":40,"column":16},"end":{"line":40,"column":26}},"17":{"start":{"line":42,"column":24},"end":{"line":46,"column":5}},"18":{"start":{"line":48,"column":23},"end":{"line":52,"column":5}},"19":{"start":{"line":54,"column":29},"end":{"line":56,"column":6}},"20":{"start":{"line":58,"column":30},"end":{"line":60,"column":6}},"21":{"start":{"line":62,"column":4},"end":{"line":69,"column":7}},"22":{"start":{"line":71,"column":4},"end":{"line":71,"column":16}},"23":{"start":{"line":75,"column":30},"end":{"line":88,"column":1}},"24":{"start":{"line":76,"column":2},"end":{"line":80,"column":3}},"25":{"start":{"line":77,"column":4},"end":{"line":79,"column":67}},"26":{"start":{"line":81,"column":2},"end":{"line":87,"column":3}},"27":{"start":{"line":82,"column":23},"end":{"line":82,"column":44}},"28":{"start":{"line":83,"column":4},"end":{"line":83,"column":49}},"29":{"start":{"line":84,"column":4},"end":{"line":84,"column":78}},"30":{"start":{"line":86,"column":4},"end":{"line":86,"column":16}},"31":{"start":{"line":90,"column":30},"end":{"line":114,"column":1}},"32":{"start":{"line":91,"column":2},"end":{"line":95,"column":3}},"33":{"start":{"line":92,"column":4},"end":{"line":94,"column":67}},"34":{"start":{"line":96,"column":21},"end":{"line":96,"column":42}},"35":{"start":{"line":97,"column":2},"end":{"line":113,"column":3}},"36":{"start":{"line":98,"column":28},"end":{"line":109,"column":5}},"37":{"start":{"line":110,"column":4},"end":{"line":110,"column":42}},"38":{"start":{"line":112,"column":4},"end":{"line":112,"column":16}},"39":{"start":{"line":116,"column":31},"end":{"line":135,"column":1}},"40":{"start":{"line":117,"column":2},"end":{"line":121,"column":3}},"41":{"start":{"line":118,"column":4},"end":{"line":120,"column":70}},"42":{"start":{"line":122,"column":21},"end":{"line":122,"column":42}},"43":{"start":{"line":123,"column":2},"end":{"line":134,"column":3}},"44":{"start":{"line":124,"column":25},"end":{"line":124,"column":60}},"45":{"start":{"line":125,"column":4},"end":{"line":131,"column":5}},"46":{"start":{"line":126,"column":6},"end":{"line":128,"column":61}},"47":{"start":{"line":130,"column":6},"end":{"line":130,"column":48}},"48":{"start":{"line":133,"column":4},"end":{"line":133,"column":16}},"49":{"start":{"line":137,"column":39},"end":{"line":179,"column":1}},"50":{"start":{"line":138,"column":2},"end":{"line":178,"column":3}},"51":{"start":{"line":139,"column":28},"end":{"line":139,"column":73}},"52":{"start":{"line":140,"column":26},"end":{"line":140,"column":57}},"53":{"start":{"line":142,"column":4},"end":{"line":144,"column":5}},"54":{"start":{"line":143,"column":6},"end":{"line":143,"column":68}},"55":{"start":{"line":146,"column":16},"end":{"line":146,"column":26}},"56":{"start":{"line":148,"column":24},"end":{"line":152,"column":5}},"57":{"start":{"line":154,"column":23},"end":{"line":158,"column":5}},"58":{"start":{"line":160,"column":29},"end":{"line":162,"column":6}},"59":{"start":{"line":164,"column":30},"end":{"line":166,"column":6}},"60":{"start":{"line":168,"column":4},"end":{"line":175,"column":7}},"61":{"start":{"line":177,"column":4},"end":{"line":177,"column":16}},"62":{"start":{"line":181,"column":33},"end":{"line":194,"column":1}},"63":{"start":{"line":182,"column":19},"end":{"line":182,"column":29}},"64":{"start":{"line":183,"column":2},"end":{"line":193,"column":3}},"65":{"start":{"line":184,"column":25},"end":{"line":184,"column":63}},"66":{"start":{"line":185,"column":4},"end":{"line":189,"column":5}},"67":{"start":{"line":186,"column":6},"end":{"line":188,"column":63}},"68":{"start":{"line":190,"column":4},"end":{"line":190,"column":39}},"69":{"start":{"line":192,"column":4},"end":{"line":192,"column":16}},"70":{"start":{"line":196,"column":32},"end":{"line":252,"column":1}},"71":{"start":{"line":197,"column":2},"end":{"line":201,"column":3}},"72":{"start":{"line":198,"column":4},"end":{"line":200,"column":69}},"73":{"start":{"line":203,"column":19},"end":{"line":203,"column":41}},"74":{"start":{"line":204,"column":20},"end":{"line":204,"column":55}},"75":{"start":{"line":207,"column":2},"end":{"line":215,"column":4}},"76":{"start":{"line":217,"column":2},"end":{"line":251,"column":3}},"77":{"start":{"line":219,"column":23},"end":{"line":219,"column":44}},"78":{"start":{"line":222,"column":4},"end":{"line":233,"column":7}},"79":{"start":{"line":223,"column":26},"end":{"line":223,"column":64}},"80":{"start":{"line":224,"column":6},"end":{"line":232,"column":9}},"81":{"start":{"line":236,"column":4},"end":{"line":239,"column":6}},"82":{"start":{"line":240,"column":4},"end":{"line":243,"column":6}},"83":{"start":{"line":246,"column":4},"end":{"line":246,"column":35}},"84":{"start":{"line":247,"column":4},"end":{"line":247,"column":14}},"85":{"start":{"line":249,"column":4},"end":{"line":249,"column":65}},"86":{"start":{"line":250,"column":4},"end":{"line":250,"column":65}}},"fnMap":{"0":{"name":"(anonymous_0)","decl":{"start":{"line":5,"column":30},"end":{"line":5,"column":31}},"loc":{"start":{"line":5,"column":56},"end":{"line":29,"column":1}},"line":5},"1":{"name":"(anonymous_1)","decl":{"start":{"line":31,"column":32},"end":{"line":31,"column":33}},"loc":{"start":{"line":31,"column":58},"end":{"line":73,"column":1}},"line":31},"2":{"name":"(anonymous_2)","decl":{"start":{"line":75,"column":30},"end":{"line":75,"column":31}},"loc":{"start":{"line":75,"column":56},"end":{"line":88,"column":1}},"line":75},"3":{"name":"(anonymous_3)","decl":{"start":{"line":90,"column":30},"end":{"line":90,"column":31}},"loc":{"start":{"line":90,"column":56},"end":{"line":114,"column":1}},"line":90},"4":{"name":"(anonymous_4)","decl":{"start":{"line":116,"column":31},"end":{"line":116,"column":32}},"loc":{"start":{"line":116,"column":57},"end":{"line":135,"column":1}},"line":116},"5":{"name":"(anonymous_5)","decl":{"start":{"line":137,"column":39},"end":{"line":137,"column":40}},"loc":{"start":{"line":137,"column":65},"end":{"line":179,"column":1}},"line":137},"6":{"name":"(anonymous_6)","decl":{"start":{"line":181,"column":33},"end":{"line":181,"column":34}},"loc":{"start":{"line":181,"column":59},"end":{"line":194,"column":1}},"line":181},"7":{"name":"(anonymous_7)","decl":{"start":{"line":196,"column":32},"end":{"line":196,"column":33}},"loc":{"start":{"line":196,"column":58},"end":{"line":252,"column":1}},"line":196},"8":{"name":"(anonymous_8)","decl":{"start":{"line":222,"column":23},"end":{"line":222,"column":24}},"loc":{"start":{"line":222,"column":37},"end":{"line":233,"column":5}},"line":222}},"branchMap":{"0":{"loc":{"start":{"line":6,"column":2},"end":{"line":10,"column":3}},"type":"if","locations":[{"start":{"line":6,"column":2},"end":{"line":10,"column":3}},{"start":{},"end":{}}],"line":6},"1":{"loc":{"start":{"line":36,"column":4},"end":{"line":38,"column":5}},"type":"if","locations":[{"start":{"line":36,"column":4},"end":{"line":38,"column":5}},{"start":{},"end":{}}],"line":36},"2":{"loc":{"start":{"line":76,"column":2},"end":{"line":80,"column":3}},"type":"if","locations":[{"start":{"line":76,"column":2},"end":{"line":80,"column":3}},{"start":{},"end":{}}],"line":76},"3":{"loc":{"start":{"line":91,"column":2},"end":{"line":95,"column":3}},"type":"if","locations":[{"start":{"line":91,"column":2},"end":{"line":95,"column":3}},{"start":{},"end":{}}],"line":91},"4":{"loc":{"start":{"line":117,"column":2},"end":{"line":121,"column":3}},"type":"if","locations":[{"start":{"line":117,"column":2},"end":{"line":121,"column":3}},{"start":{},"end":{}}],"line":117},"5":{"loc":{"start":{"line":125,"column":4},"end":{"line":131,"column":5}},"type":"if","locations":[{"start":{"line":125,"column":4},"end":{"line":131,"column":5}},{"start":{"line":129,"column":11},"end":{"line":131,"column":5}}],"line":125},"6":{"loc":{"start":{"line":142,"column":4},"end":{"line":144,"column":5}},"type":"if","locations":[{"start":{"line":142,"column":4},"end":{"line":144,"column":5}},{"start":{},"end":{}}],"line":142},"7":{"loc":{"start":{"line":185,"column":4},"end":{"line":189,"column":5}},"type":"if","locations":[{"start":{"line":185,"column":4},"end":{"line":189,"column":5}},{"start":{},"end":{}}],"line":185},"8":{"loc":{"start":{"line":197,"column":2},"end":{"line":201,"column":3}},"type":"if","locations":[{"start":{"line":197,"column":2},"end":{"line":201,"column":3}},{"start":{},"end":{}}],"line":197},"9":{"loc":{"start":{"line":223,"column":26},"end":{"line":223,"column":64}},"type":"binary-expr","locations":[{"start":{"line":223,"column":26},"end":{"line":223,"column":58}},{"start":{"line":223,"column":62},"end":{"line":223,"column":64}}],"line":223}},"s":{"0":1,"1":1,"2":0,"3":1,"4":1,"5":1,"6":1,"7":1,"8":0,"9":0,"10":1,"11":1,"12":1,"13":1,"14":1,"15":0,"16":1,"17":1,"18":1,"19":1,"20":1,"21":1,"22":0,"23":1,"24":1,"25":0,"26":1,"27":1,"28":1,"29":1,"30":0,"31":1,"32":1,"33":0,"34":1,"35":1,"36":1,"37":1,"38":0,"39":1,"40":1,"41":0,"42":1,"43":1,"44":1,"45":1,"46":0,"47":1,"48":0,"49":1,"50":1,"51":1,"52":1,"53":1,"54":0,"55":1,"56":1,"57":1,"58":1,"59":1,"60":1,"61":0,"62":1,"63":1,"64":1,"65":1,"66":1,"67":0,"68":1,"69":0,"70":1,"71":0,"72":0,"73":0,"74":0,"75":0,"76":0,"77":0,"78":0,"79":0,"80":0,"81":0,"82":0,"83":0,"84":0,"85":0,"86":0},"f":{"0":1,"1":1,"2":1,"3":1,"4":1,"5":1,"6":1,"7":0,"8":0},"b":{"0":[0,1],"1":[0,1],"2":[0,1],"3":[0,1],"4":[0,1],"5":[0,1],"6":[0,1],"7":[0,1],"8":[0,0],"9":[0,0]},"_coverageSchema":"1a1c01bbd47fc00a2c39e90264f33305004495a9","hash":"0145528f8e5bcfed62c276fc3fff8d9169d7a179"}
,"E:\\SQA_Full\\Kaydi-Ecommerce\\server\\controllers\\chatController.js": {"path":"E:\\SQA_Full\\Kaydi-Ecommerce\\server\\controllers\\chatController.js","statementMap":{"0":{"start":{"line":6,"column":32},"end":{"line":107,"column":1}},"1":{"start":{"line":7,"column":25},"end":{"line":7,"column":33}},"2":{"start":{"line":8,"column":17},"end":{"line":8,"column":28}},"3":{"start":{"line":10,"column":2},"end":{"line":14,"column":3}},"4":{"start":{"line":11,"column":4},"end":{"line":13,"column":7}},"5":{"start":{"line":16,"column":2},"end":{"line":106,"column":3}},"6":{"start":{"line":17,"column":17},"end":{"line":38,"column":8}},"7":{"start":{"line":40,"column":21},"end":{"line":40,"column":52}},"8":{"start":{"line":42,"column":4},"end":{"line":103,"column":5}},"9":{"start":{"line":43,"column":6},"end":{"line":51,"column":8}},"10":{"start":{"line":53,"column":6},"end":{"line":56,"column":9}},"11":{"start":{"line":58,"column":21},"end":{"line":61,"column":7}},"12":{"start":{"line":63,"column":6},"end":{"line":71,"column":7}},"13":{"start":{"line":65,"column":22},"end":{"line":65,"column":61}},"14":{"start":{"line":68,"column":8},"end":{"line":70,"column":11}},"15":{"start":{"line":73,"column":22},"end":{"line":73,"column":49}},"16":{"start":{"line":76,"column":28},"end":{"line":79,"column":7}},"17":{"start":{"line":81,"column":31},"end":{"line":84,"column":7}},"18":{"start":{"line":87,"column":6},"end":{"line":97,"column":9}},"19":{"start":{"line":88,"column":8},"end":{"line":96,"column":9}},"20":{"start":{"line":89,"column":10},"end":{"line":93,"column":12}},"21":{"start":{"line":95,"column":10},"end":{"line":95,"column":60}},"22":{"start":{"line":99,"column":6},"end":{"line":102,"column":9}},"23":{"start":{"line":105,"column":4},"end":{"line":105,"column":16}},"24":{"start":{"line":109,"column":31},"end":{"line":153,"column":1}},"25":{"start":{"line":110,"column":26},"end":{"line":110,"column":36}},"26":{"start":{"line":111,"column":17},"end":{"line":111,"column":28}},"27":{"start":{"line":113,"column":2},"end":{"line":152,"column":3}},"28":{"start":{"line":114,"column":26},"end":{"line":133,"column":8}},"29":{"start":{"line":135,"column":4},"end":{"line":137,"column":5}},"30":{"start":{"line":136,"column":6},"end":{"line":136,"column":71}},"31":{"start":{"line":139,"column":4},"end":{"line":147,"column":6}},"32":{"start":{"line":149,"column":4},"end":{"line":149,"column":47}},"33":{"start":{"line":151,"column":4},"end":{"line":151,"column":16}},"34":{"start":{"line":155,"column":33},"end":{"line":190,"column":1}},"35":{"start":{"line":156,"column":17},"end":{"line":156,"column":28}},"36":{"start":{"line":157,"column":2},"end":{"line":189,"column":3}},"37":{"start":{"line":158,"column":21},"end":{"line":164,"column":30}},"38":{"start":{"line":166,"column":4},"end":{"line":168,"column":5}},"39":{"start":{"line":167,"column":6},"end":{"line":167,"column":58}},"40":{"start":{"line":170,"column":27},"end":{"line":173,"column":6}},"41":{"start":{"line":175,"column":30},"end":{"line":184,"column":6}},"42":{"start":{"line":176,"column":30},"end":{"line":178,"column":7}},"43":{"start":{"line":177,"column":20},"end":{"line":177,"column":52}},"44":{"start":{"line":180,"column":6},"end":{"line":183,"column":8}},"45":{"start":{"line":186,"column":4},"end":{"line":186,"column":51}},"46":{"start":{"line":188,"column":4},"end":{"line":188,"column":16}},"47":{"start":{"line":192,"column":31},"end":{"line":246,"column":1}},"48":{"start":{"line":193,"column":46},"end":{"line":193,"column":54}},"49":{"start":{"line":194,"column":17},"end":{"line":194,"column":28}},"50":{"start":{"line":196,"column":2},"end":{"line":198,"column":3}},"51":{"start":{"line":197,"column":4},"end":{"line":197,"column":78}},"52":{"start":{"line":201,"column":4},"end":{"line":202,"column":151}},"53":{"start":{"line":204,"column":2},"end":{"line":208,"column":3}},"54":{"start":{"line":205,"column":4},"end":{"line":207,"column":68}},"55":{"start":{"line":210,"column":18},"end":{"line":210,"column":40}},"56":{"start":{"line":212,"column":2},"end":{"line":214,"column":3}},"57":{"start":{"line":212,"column":31},"end":{"line":212,"column":70}},"58":{"start":{"line":213,"column":4},"end":{"line":213,"column":80}},"59":{"start":{"line":216,"column":2},"end":{"line":245,"column":3}},"60":{"start":{"line":217,"column":25},"end":{"line":223,"column":6}},"61":{"start":{"line":225,"column":31},"end":{"line":227,"column":42}},"62":{"start":{"line":230,"column":4},"end":{"line":240,"column":7}},"63":{"start":{"line":231,"column":6},"end":{"line":239,"column":7}},"64":{"start":{"line":232,"column":8},"end":{"line":236,"column":10}},"65":{"start":{"line":238,"column":8},"end":{"line":238,"column":58}},"66":{"start":{"line":242,"column":4},"end":{"line":242,"column":45}},"67":{"start":{"line":244,"column":4},"end":{"line":244,"column":16}},"68":{"start":{"line":248,"column":31},"end":{"line":275,"column":1}},"69":{"start":{"line":249,"column":26},"end":{"line":249,"column":36}},"70":{"start":{"line":250,"column":35},"end":{"line":250,"column":43}},"71":{"start":{"line":252,"column":19},"end":{"line":252,"column":51}},"72":{"start":{"line":253,"column":2},"end":{"line":255,"column":3}},"73":{"start":{"line":254,"column":4},"end":{"line":254,"column":63}},"74":{"start":{"line":257,"column":2},"end":{"line":274,"column":3}},"75":{"start":{"line":258,"column":24},"end":{"line":269,"column":42}},"76":{"start":{"line":271,"column":4},"end":{"line":271,"column":45}},"77":{"start":{"line":273,"column":4},"end":{"line":273,"column":16}},"78":{"start":{"line":277,"column":35},"end":{"line":309,"column":1}},"79":{"start":{"line":278,"column":26},"end":{"line":278,"column":36}},"80":{"start":{"line":279,"column":28},"end":{"line":279,"column":36}},"81":{"start":{"line":281,"column":17},"end":{"line":281,"column":28}},"82":{"start":{"line":283,"column":19},"end":{"line":283,"column":51}},"83":{"start":{"line":284,"column":2},"end":{"line":286,"column":3}},"84":{"start":{"line":285,"column":4},"end":{"line":285,"column":63}},"85":{"start":{"line":288,"column":2},"end":{"line":292,"column":3}},"86":{"start":{"line":289,"column":4},"end":{"line":291,"column":7}},"87":{"start":{"line":294,"column":2},"end":{"line":308,"column":3}},"88":{"start":{"line":295,"column":28},"end":{"line":303,"column":42}},"89":{"start":{"line":305,"column":4},"end":{"line":305,"column":49}},"90":{"start":{"line":307,"column":4},"end":{"line":307,"column":16}},"91":{"start":{"line":311,"column":30},"end":{"line":335,"column":1}},"92":{"start":{"line":312,"column":26},"end":{"line":312,"column":36}},"93":{"start":{"line":313,"column":21},"end":{"line":313,"column":29}},"94":{"start":{"line":315,"column":19},"end":{"line":315,"column":51}},"95":{"start":{"line":316,"column":2},"end":{"line":318,"column":3}},"96":{"start":{"line":317,"column":4},"end":{"line":317,"column":63}},"97":{"start":{"line":320,"column":2},"end":{"line":334,"column":3}},"98":{"start":{"line":321,"column":24},"end":{"line":329,"column":42}},"99":{"start":{"line":331,"column":4},"end":{"line":331,"column":45}},"100":{"start":{"line":333,"column":4},"end":{"line":333,"column":16}}},"fnMap":{"0":{"name":"(anonymous_0)","decl":{"start":{"line":6,"column":32},"end":{"line":6,"column":33}},"loc":{"start":{"line":6,"column":58},"end":{"line":107,"column":1}},"line":6},"1":{"name":"(anonymous_1)","decl":{"start":{"line":65,"column":10},"end":{"line":65,"column":11}},"loc":{"start":{"line":65,"column":22},"end":{"line":65,"column":61}},"line":65},"2":{"name":"(anonymous_2)","decl":{"start":{"line":87,"column":36},"end":{"line":87,"column":37}},"loc":{"start":{"line":87,"column":54},"end":{"line":97,"column":7}},"line":87},"3":{"name":"(anonymous_3)","decl":{"start":{"line":109,"column":31},"end":{"line":109,"column":32}},"loc":{"start":{"line":109,"column":57},"end":{"line":153,"column":1}},"line":109},"4":{"name":"(anonymous_4)","decl":{"start":{"line":155,"column":33},"end":{"line":155,"column":34}},"loc":{"start":{"line":155,"column":59},"end":{"line":190,"column":1}},"line":155},"5":{"name":"(anonymous_5)","decl":{"start":{"line":175,"column":49},"end":{"line":175,"column":50}},"loc":{"start":{"line":175,"column":59},"end":{"line":184,"column":5}},"line":175},"6":{"name":"(anonymous_6)","decl":{"start":{"line":177,"column":8},"end":{"line":177,"column":9}},"loc":{"start":{"line":177,"column":20},"end":{"line":177,"column":52}},"line":177},"7":{"name":"(anonymous_7)","decl":{"start":{"line":192,"column":31},"end":{"line":192,"column":32}},"loc":{"start":{"line":192,"column":57},"end":{"line":246,"column":1}},"line":192},"8":{"name":"(anonymous_8)","decl":{"start":{"line":212,"column":19},"end":{"line":212,"column":20}},"loc":{"start":{"line":212,"column":31},"end":{"line":212,"column":70}},"line":212},"9":{"name":"(anonymous_9)","decl":{"start":{"line":230,"column":39},"end":{"line":230,"column":40}},"loc":{"start":{"line":230,"column":57},"end":{"line":240,"column":5}},"line":230},"10":{"name":"(anonymous_10)","decl":{"start":{"line":248,"column":31},"end":{"line":248,"column":32}},"loc":{"start":{"line":248,"column":57},"end":{"line":275,"column":1}},"line":248},"11":{"name":"(anonymous_11)","decl":{"start":{"line":277,"column":35},"end":{"line":277,"column":36}},"loc":{"start":{"line":277,"column":61},"end":{"line":309,"column":1}},"line":277},"12":{"name":"(anonymous_12)","decl":{"start":{"line":311,"column":30},"end":{"line":311,"column":31}},"loc":{"start":{"line":311,"column":56},"end":{"line":335,"column":1}},"line":311}},"branchMap":{"0":{"loc":{"start":{"line":10,"column":2},"end":{"line":14,"column":3}},"type":"if","locations":[{"start":{"line":10,"column":2},"end":{"line":14,"column":3}},{"start":{},"end":{}}],"line":10},"1":{"loc":{"start":{"line":10,"column":6},"end":{"line":10,"column":28}},"type":"binary-expr","locations":[{"start":{"line":10,"column":6},"end":{"line":10,"column":13}},{"start":{"line":10,"column":17},"end":{"line":10,"column":28}}],"line":10},"2":{"loc":{"start":{"line":42,"column":4},"end":{"line":103,"column":5}},"type":"if","locations":[{"start":{"line":42,"column":4},"end":{"line":103,"column":5}},{"start":{"line":57,"column":11},"end":{"line":103,"column":5}}],"line":42},"3":{"loc":{"start":{"line":63,"column":6},"end":{"line":71,"column":7}},"type":"if","locations":[{"start":{"line":63,"column":6},"end":{"line":71,"column":7}},{"start":{},"end":{}}],"line":63},"4":{"loc":{"start":{"line":65,"column":22},"end":{"line":65,"column":61}},"type":"binary-expr","locations":[{"start":{"line":65,"column":22},"end":{"line":65,"column":37}},{"start":{"line":65,"column":41},"end":{"line":65,"column":61}}],"line":65},"5":{"loc":{"start":{"line":135,"column":4},"end":{"line":137,"column":5}},"type":"if","locations":[{"start":{"line":135,"column":4},"end":{"line":137,"column":5}},{"start":{},"end":{}}],"line":135},"6":{"loc":{"start":{"line":166,"column":4},"end":{"line":168,"column":5}},"type":"if","locations":[{"start":{"line":166,"column":4},"end":{"line":168,"column":5}},{"start":{},"end":{}}],"line":166},"7":{"loc":{"start":{"line":196,"column":2},"end":{"line":198,"column":3}},"type":"if","locations":[{"start":{"line":196,"column":2},"end":{"line":198,"column":3}},{"start":{},"end":{}}],"line":196},"8":{"loc":{"start":{"line":196,"column":6},"end":{"line":196,"column":29}},"type":"binary-expr","locations":[{"start":{"line":196,"column":6},"end":{"line":196,"column":16}},{"start":{"line":196,"column":20},"end":{"line":196,"column":29}}],"line":196},"9":{"loc":{"start":{"line":201,"column":4},"end":{"line":202,"column":151}},"type":"binary-expr","locations":[{"start":{"line":201,"column":4},"end":{"line":201,"column":14}},{"start":{"line":202,"column":4},"end":{"line":202,"column":151}}],"line":201},"10":{"loc":{"start":{"line":204,"column":2},"end":{"line":208,"column":3}},"type":"if","locations":[{"start":{"line":204,"column":2},"end":{"line":208,"column":3}},{"start":{},"end":{}}],"line":204},"11":{"loc":{"start":{"line":212,"column":2},"end":{"line":214,"column":3}},"type":"if","locations":[{"start":{"line":212,"column":2},"end":{"line":214,"column":3}},{"start":{},"end":{}}],"line":212},"12":{"loc":{"start":{"line":212,"column":31},"end":{"line":212,"column":70}},"type":"binary-expr","locations":[{"start":{"line":212,"column":31},"end":{"line":212,"column":46}},{"start":{"line":212,"column":50},"end":{"line":212,"column":70}}],"line":212},"13":{"loc":{"start":{"line":253,"column":2},"end":{"line":255,"column":3}},"type":"if","locations":[{"start":{"line":253,"column":2},"end":{"line":255,"column":3}},{"start":{},"end":{}}],"line":253},"14":{"loc":{"start":{"line":284,"column":2},"end":{"line":286,"column":3}},"type":"if","locations":[{"start":{"line":284,"column":2},"end":{"line":286,"column":3}},{"start":{},"end":{}}],"line":284},"15":{"loc":{"start":{"line":288,"column":2},"end":{"line":292,"column":3}},"type":"if","locations":[{"start":{"line":288,"column":2},"end":{"line":292,"column":3}},{"start":{},"end":{}}],"line":288},"16":{"loc":{"start":{"line":316,"column":2},"end":{"line":318,"column":3}},"type":"if","locations":[{"start":{"line":316,"column":2},"end":{"line":318,"column":3}},{"start":{},"end":{}}],"line":316}},"s":{"0":1,"1":2,"2":2,"3":2,"4":0,"5":2,"6":2,"7":2,"8":2,"9":0,"10":0,"11":2,"12":2,"13":4,"14":0,"15":2,"16":2,"17":2,"18":2,"19":3,"20":3,"21":3,"22":2,"23":0,"24":1,"25":1,"26":1,"27":1,"28":1,"29":1,"30":0,"31":1,"32":1,"33":0,"34":1,"35":1,"36":1,"37":1,"38":1,"39":0,"40":1,"41":1,"42":1,"43":1,"44":1,"45":1,"46":0,"47":1,"48":1,"49":1,"50":1,"51":0,"52":1,"53":1,"54":0,"55":1,"56":1,"57":3,"58":0,"59":1,"60":1,"61":1,"62":1,"63":2,"64":2,"65":2,"66":1,"67":0,"68":1,"69":1,"70":1,"71":1,"72":1,"73":0,"74":1,"75":1,"76":1,"77":0,"78":1,"79":1,"80":1,"81":1,"82":1,"83":1,"84":0,"85":1,"86":0,"87":1,"88":1,"89":1,"90":0,"91":1,"92":1,"93":1,"94":1,"95":1,"96":0,"97":1,"98":1,"99":1,"100":0},"f":{"0":2,"1":4,"2":3,"3":1,"4":1,"5":1,"6":1,"7":1,"8":3,"9":2,"10":1,"11":1,"12":1},"b":{"0":[0,2],"1":[2,2],"2":[0,2],"3":[0,2],"4":[4,4],"5":[0,1],"6":[0,1],"7":[0,1],"8":[1,1],"9":[1,1],"10":[0,1],"11":[0,1],"12":[3,3],"13":[0,1],"14":[0,1],"15":[0,1],"16":[0,1]},"_coverageSchema":"1a1c01bbd47fc00a2c39e90264f33305004495a9","hash":"96da406a159924486839f3308eda8c200fd4bc2f"}
,"E:\\SQA_Full\\Kaydi-Ecommerce\\server\\controllers\\orderController.js": {"path":"E:\\SQA_Full\\Kaydi-Ecommerce\\server\\controllers\\orderController.js","statementMap":{"0":{"start":{"line":6,"column":0},"end":{"line":6,"column":16}},"1":{"start":{"line":10,"column":15},"end":{"line":10,"column":56}},"2":{"start":{"line":12,"column":27},"end":{"line":66,"column":1}},"3":{"start":{"line":13,"column":2},"end":{"line":15,"column":3}},"4":{"start":{"line":14,"column":4},"end":{"line":14,"column":70}},"5":{"start":{"line":25,"column":6},"end":{"line":25,"column":14}},"6":{"start":{"line":27,"column":2},"end":{"line":65,"column":3}},"7":{"start":{"line":28,"column":4},"end":{"line":32,"column":5}},"8":{"start":{"line":29,"column":6},"end":{"line":31,"column":63}},"9":{"start":{"line":34,"column":4},"end":{"line":45,"column":5}},"10":{"start":{"line":35,"column":26},"end":{"line":35,"column":67}},"11":{"start":{"line":36,"column":6},"end":{"line":38,"column":7}},"12":{"start":{"line":37,"column":8},"end":{"line":37,"column":70}},"13":{"start":{"line":39,"column":6},"end":{"line":41,"column":7}},"14":{"start":{"line":40,"column":8},"end":{"line":40,"column":69}},"15":{"start":{"line":43,"column":6},"end":{"line":43,"column":44}},"16":{"start":{"line":44,"column":6},"end":{"line":44,"column":31}},"17":{"start":{"line":47,"column":21},"end":{"line":56,"column":6}},"18":{"start":{"line":58,"column":4},"end":{"line":58,"column":26}},"19":{"start":{"line":59,"column":4},"end":{"line":59,"column":35}},"20":{"start":{"line":61,"column":4},"end":{"line":61,"column":75}},"21":{"start":{"line":62,"column":4},"end":{"line":64,"column":72}},"22":{"start":{"line":68,"column":27},"end":{"line":127,"column":1}},"23":{"start":{"line":69,"column":2},"end":{"line":73,"column":3}},"24":{"start":{"line":70,"column":4},"end":{"line":72,"column":64}},"25":{"start":{"line":74,"column":2},"end":{"line":126,"column":3}},"26":{"start":{"line":75,"column":17},"end":{"line":75,"column":46}},"27":{"start":{"line":76,"column":18},"end":{"line":76,"column":48}},"28":{"start":{"line":78,"column":17},"end":{"line":78,"column":35}},"29":{"start":{"line":80,"column":16},"end":{"line":80,"column":26}},"30":{"start":{"line":82,"column":24},"end":{"line":86,"column":5}},"31":{"start":{"line":87,"column":23},"end":{"line":91,"column":5}},"32":{"start":{"line":92,"column":18},"end":{"line":92,"column":76}},"33":{"start":{"line":94,"column":22},"end":{"line":94,"column":40}},"34":{"start":{"line":95,"column":24},"end":{"line":95,"column":52}},"35":{"start":{"line":97,"column":23},"end":{"line":97,"column":53}},"36":{"start":{"line":99,"column":22},"end":{"line":103,"column":19}},"37":{"start":{"line":104,"column":4},"end":{"line":106,"column":5}},"38":{"start":{"line":105,"column":6},"end":{"line":105,"column":65}},"39":{"start":{"line":109,"column":56},"end":{"line":113,"column":6}},"40":{"start":{"line":115,"column":4},"end":{"line":123,"column":7}},"41":{"start":{"line":125,"column":4},"end":{"line":125,"column":16}},"42":{"start":{"line":129,"column":25},"end":{"line":188,"column":1}},"43":{"start":{"line":130,"column":22},"end":{"line":130,"column":32}},"44":{"start":{"line":140,"column":6},"end":{"line":140,"column":14}},"45":{"start":{"line":141,"column":2},"end":{"line":145,"column":3}},"46":{"start":{"line":142,"column":4},"end":{"line":144,"column":65}},"47":{"start":{"line":146,"column":2},"end":{"line":187,"column":3}},"48":{"start":{"line":147,"column":18},"end":{"line":147,"column":47}},"49":{"start":{"line":148,"column":4},"end":{"line":150,"column":5}},"50":{"start":{"line":149,"column":6},"end":{"line":149,"column":66}},"51":{"start":{"line":151,"column":20},"end":{"line":160,"column":5}},"52":{"start":{"line":162,"column":24},"end":{"line":162,"column":34}},"53":{"start":{"line":163,"column":4},"end":{"line":165,"column":5}},"54":{"start":{"line":164,"column":6},"end":{"line":164,"column":43}},"55":{"start":{"line":166,"column":4},"end":{"line":168,"column":5}},"56":{"start":{"line":167,"column":6},"end":{"line":167,"column":40}},"57":{"start":{"line":169,"column":4},"end":{"line":171,"column":5}},"58":{"start":{"line":170,"column":6},"end":{"line":170,"column":42}},"59":{"start":{"line":173,"column":25},"end":{"line":179,"column":5}},"60":{"start":{"line":181,"column":4},"end":{"line":183,"column":5}},"61":{"start":{"line":182,"column":6},"end":{"line":182,"column":66}},"62":{"start":{"line":184,"column":4},"end":{"line":184,"column":39}},"63":{"start":{"line":186,"column":4},"end":{"line":186,"column":16}},"64":{"start":{"line":190,"column":27},"end":{"line":215,"column":1}},"65":{"start":{"line":191,"column":30},"end":{"line":191,"column":40}},"66":{"start":{"line":192,"column":2},"end":{"line":194,"column":3}},"67":{"start":{"line":193,"column":4},"end":{"line":193,"column":70}},"68":{"start":{"line":195,"column":2},"end":{"line":214,"column":3}},"69":{"start":{"line":196,"column":22},"end":{"line":196,"column":51}},"70":{"start":{"line":197,"column":4},"end":{"line":199,"column":5}},"71":{"start":{"line":198,"column":6},"end":{"line":198,"column":66}},"72":{"start":{"line":200,"column":4},"end":{"line":204,"column":5}},"73":{"start":{"line":201,"column":6},"end":{"line":203,"column":74}},"74":{"start":{"line":205,"column":4},"end":{"line":209,"column":5}},"75":{"start":{"line":206,"column":6},"end":{"line":208,"column":73}},"76":{"start":{"line":210,"column":4},"end":{"line":210,"column":43}},"77":{"start":{"line":211,"column":4},"end":{"line":211,"column":69}},"78":{"start":{"line":213,"column":4},"end":{"line":213,"column":16}},"79":{"start":{"line":217,"column":28},"end":{"line":253,"column":1}},"80":{"start":{"line":218,"column":21},"end":{"line":218,"column":31}},"81":{"start":{"line":219,"column":2},"end":{"line":223,"column":3}},"82":{"start":{"line":220,"column":4},"end":{"line":222,"column":75}},"83":{"start":{"line":225,"column":15},"end":{"line":225,"column":44}},"84":{"start":{"line":226,"column":16},"end":{"line":226,"column":47}},"85":{"start":{"line":228,"column":15},"end":{"line":228,"column":33}},"86":{"start":{"line":230,"column":2},"end":{"line":252,"column":3}},"87":{"start":{"line":231,"column":25},"end":{"line":231,"column":53}},"88":{"start":{"line":233,"column":26},"end":{"line":236,"column":19}},"89":{"start":{"line":237,"column":4},"end":{"line":239,"column":5}},"90":{"start":{"line":238,"column":6},"end":{"line":238,"column":79}},"91":{"start":{"line":241,"column":24},"end":{"line":241,"column":43}},"92":{"start":{"line":242,"column":23},"end":{"line":242,"column":53}},"93":{"start":{"line":244,"column":4},"end":{"line":249,"column":7}},"94":{"start":{"line":251,"column":4},"end":{"line":251,"column":16}},"95":{"start":{"line":255,"column":28},"end":{"line":269,"column":1}},"96":{"start":{"line":256,"column":22},"end":{"line":256,"column":32}},"97":{"start":{"line":257,"column":2},"end":{"line":259,"column":3}},"98":{"start":{"line":258,"column":4},"end":{"line":258,"column":70}},"99":{"start":{"line":260,"column":2},"end":{"line":268,"column":3}},"100":{"start":{"line":261,"column":22},"end":{"line":261,"column":79}},"101":{"start":{"line":262,"column":4},"end":{"line":264,"column":5}},"102":{"start":{"line":263,"column":6},"end":{"line":263,"column":66}},"103":{"start":{"line":265,"column":4},"end":{"line":265,"column":36}},"104":{"start":{"line":267,"column":4},"end":{"line":267,"column":16}},"105":{"start":{"line":271,"column":33},"end":{"line":351,"column":1}},"106":{"start":{"line":272,"column":2},"end":{"line":274,"column":3}},"107":{"start":{"line":273,"column":4},"end":{"line":273,"column":70}},"108":{"start":{"line":285,"column":6},"end":{"line":285,"column":14}},"109":{"start":{"line":287,"column":2},"end":{"line":291,"column":3}},"110":{"start":{"line":288,"column":4},"end":{"line":290,"column":71}},"111":{"start":{"line":293,"column":20},"end":{"line":307,"column":5}},"112":{"start":{"line":293,"column":47},"end":{"line":307,"column":3}},"113":{"start":{"line":308,"column":2},"end":{"line":350,"column":3}},"114":{"start":{"line":310,"column":21},"end":{"line":320,"column":6}},"115":{"start":{"line":322,"column":20},"end":{"line":345,"column":6}},"116":{"start":{"line":347,"column":4},"end":{"line":347,"column":45}},"117":{"start":{"line":349,"column":4},"end":{"line":349,"column":16}},"118":{"start":{"line":353,"column":39},"end":{"line":367,"column":1}},"119":{"start":{"line":354,"column":22},"end":{"line":354,"column":32}},"120":{"start":{"line":356,"column":2},"end":{"line":366,"column":3}},"121":{"start":{"line":357,"column":22},"end":{"line":357,"column":51}},"122":{"start":{"line":358,"column":4},"end":{"line":360,"column":5}},"123":{"start":{"line":359,"column":6},"end":{"line":359,"column":66}},"124":{"start":{"line":361,"column":4},"end":{"line":361,"column":34}},"125":{"start":{"line":362,"column":4},"end":{"line":362,"column":27}},"126":{"start":{"line":363,"column":4},"end":{"line":363,"column":36}},"127":{"start":{"line":365,"column":4},"end":{"line":365,"column":16}},"128":{"start":{"line":369,"column":36},"end":{"line":415,"column":1}},"129":{"start":{"line":370,"column":2},"end":{"line":374,"column":3}},"130":{"start":{"line":371,"column":4},"end":{"line":373,"column":74}},"131":{"start":{"line":375,"column":2},"end":{"line":414,"column":3}},"132":{"start":{"line":376,"column":25},"end":{"line":380,"column":5}},"133":{"start":{"line":381,"column":29},"end":{"line":385,"column":5}},"134":{"start":{"line":387,"column":30},"end":{"line":409,"column":6}},"135":{"start":{"line":411,"column":4},"end":{"line":411,"column":44}},"136":{"start":{"line":413,"column":4},"end":{"line":413,"column":16}},"137":{"start":{"line":417,"column":38},"end":{"line":443,"column":1}},"138":{"start":{"line":418,"column":2},"end":{"line":422,"column":3}},"139":{"start":{"line":419,"column":4},"end":{"line":421,"column":7}},"140":{"start":{"line":423,"column":2},"end":{"line":442,"column":3}},"141":{"start":{"line":424,"column":32},"end":{"line":437,"column":6}},"142":{"start":{"line":439,"column":4},"end":{"line":439,"column":46}},"143":{"start":{"line":441,"column":4},"end":{"line":441,"column":16}},"144":{"start":{"line":445,"column":38},"end":{"line":520,"column":1}},"145":{"start":{"line":446,"column":2},"end":{"line":450,"column":3}},"146":{"start":{"line":447,"column":4},"end":{"line":449,"column":72}},"147":{"start":{"line":452,"column":15},"end":{"line":452,"column":44}},"148":{"start":{"line":453,"column":16},"end":{"line":453,"column":47}},"149":{"start":{"line":454,"column":15},"end":{"line":454,"column":33}},"150":{"start":{"line":456,"column":2},"end":{"line":519,"column":3}},"151":{"start":{"line":457,"column":29},"end":{"line":497,"column":6}},"152":{"start":{"line":499,"column":29},"end":{"line":506,"column":6}},"153":{"start":{"line":508,"column":23},"end":{"line":508,"column":54}},"154":{"start":{"line":509,"column":23},"end":{"line":509,"column":52}},"155":{"start":{"line":511,"column":4},"end":{"line":516,"column":7}},"156":{"start":{"line":518,"column":4},"end":{"line":518,"column":16}},"157":{"start":{"line":522,"column":28},"end":{"line":596,"column":1}},"158":{"start":{"line":523,"column":2},"end":{"line":527,"column":3}},"159":{"start":{"line":524,"column":4},"end":{"line":526,"column":65}},"160":{"start":{"line":529,"column":19},"end":{"line":529,"column":41}},"161":{"start":{"line":530,"column":20},"end":{"line":530,"column":51}},"162":{"start":{"line":533,"column":2},"end":{"line":549,"column":4}},"163":{"start":{"line":551,"column":2},"end":{"line":595,"column":3}},"164":{"start":{"line":552,"column":19},"end":{"line":554,"column":37}},"165":{"start":{"line":556,"column":4},"end":{"line":582,"column":7}},"166":{"start":{"line":558,"column":27},"end":{"line":563,"column":19}},"167":{"start":{"line":561,"column":12},"end":{"line":561,"column":104}},"168":{"start":{"line":565,"column":6},"end":{"line":581,"column":9}},"169":{"start":{"line":584,"column":4},"end":{"line":587,"column":6}},"170":{"start":{"line":588,"column":4},"end":{"line":588,"column":77}},"171":{"start":{"line":590,"column":4},"end":{"line":590,"column":35}},"172":{"start":{"line":591,"column":4},"end":{"line":591,"column":14}},"173":{"start":{"line":593,"column":4},"end":{"line":593,"column":61}},"174":{"start":{"line":594,"column":4},"end":{"line":594,"column":61}},"175":{"start":{"line":598,"column":33},"end":{"line":636,"column":1}},"176":{"start":{"line":599,"column":2},"end":{"line":603,"column":3}},"177":{"start":{"line":600,"column":4},"end":{"line":602,"column":77}},"178":{"start":{"line":604,"column":2},"end":{"line":635,"column":3}},"179":{"start":{"line":605,"column":25},"end":{"line":619,"column":6}},"180":{"start":{"line":621,"column":19},"end":{"line":626,"column":5}},"181":{"start":{"line":628,"column":4},"end":{"line":630,"column":7}},"182":{"start":{"line":629,"column":6},"end":{"line":629,"column":29}},"183":{"start":{"line":632,"column":4},"end":{"line":632,"column":33}},"184":{"start":{"line":634,"column":4},"end":{"line":634,"column":16}},"185":{"start":{"line":638,"column":36},"end":{"line":724,"column":1}},"186":{"start":{"line":639,"column":2},"end":{"line":643,"column":3}},"187":{"start":{"line":640,"column":4},"end":{"line":642,"column":78}},"188":{"start":{"line":644,"column":2},"end":{"line":723,"column":3}},"189":{"start":{"line":645,"column":16},"end":{"line":645,"column":26}},"190":{"start":{"line":647,"column":32},"end":{"line":651,"column":5}},"191":{"start":{"line":652,"column":31},"end":{"line":652,"column":77}},"192":{"start":{"line":654,"column":29},"end":{"line":658,"column":5}},"193":{"start":{"line":659,"column":29},"end":{"line":663,"column":5}},"194":{"start":{"line":665,"column":21},"end":{"line":710,"column":6}},"195":{"start":{"line":712,"column":25},"end":{"line":712,"column":65}},"196":{"start":{"line":713,"column":29},"end":{"line":713,"column":73}},"197":{"start":{"line":714,"column":29},"end":{"line":714,"column":76}},"198":{"start":{"line":716,"column":4},"end":{"line":720,"column":7}},"199":{"start":{"line":722,"column":4},"end":{"line":722,"column":16}},"200":{"start":{"line":726,"column":32},"end":{"line":771,"column":1}},"201":{"start":{"line":727,"column":2},"end":{"line":731,"column":3}},"202":{"start":{"line":728,"column":4},"end":{"line":730,"column":63}},"203":{"start":{"line":733,"column":24},"end":{"line":733,"column":34}},"204":{"start":{"line":735,"column":2},"end":{"line":770,"column":3}},"205":{"start":{"line":736,"column":16},"end":{"line":736,"column":18}},"206":{"start":{"line":738,"column":4},"end":{"line":745,"column":5}},"207":{"start":{"line":739,"column":6},"end":{"line":739,"column":28}},"208":{"start":{"line":741,"column":6},"end":{"line":744,"column":8}},"209":{"start":{"line":747,"column":29},"end":{"line":747,"column":52}},"210":{"start":{"line":749,"column":17},"end":{"line":749,"column":46}},"211":{"start":{"line":750,"column":18},"end":{"line":750,"column":49}},"212":{"start":{"line":752,"column":17},"end":{"line":752,"column":35}},"213":{"start":{"line":754,"column":4},"end":{"line":756,"column":5}},"214":{"start":{"line":755,"column":6},"end":{"line":755,"column":55}},"215":{"start":{"line":758,"column":23},"end":{"line":758,"column":65}},"216":{"start":{"line":760,"column":29},"end":{"line":760,"column":76}},"217":{"start":{"line":762,"column":4},"end":{"line":767,"column":7}},"218":{"start":{"line":769,"column":4},"end":{"line":769,"column":16}}},"fnMap":{"0":{"name":"(anonymous_0)","decl":{"start":{"line":12,"column":27},"end":{"line":12,"column":28}},"loc":{"start":{"line":12,"column":53},"end":{"line":66,"column":1}},"line":12},"1":{"name":"(anonymous_1)","decl":{"start":{"line":68,"column":27},"end":{"line":68,"column":28}},"loc":{"start":{"line":68,"column":53},"end":{"line":127,"column":1}},"line":68},"2":{"name":"(anonymous_2)","decl":{"start":{"line":129,"column":25},"end":{"line":129,"column":26}},"loc":{"start":{"line":129,"column":51},"end":{"line":188,"column":1}},"line":129},"3":{"name":"(anonymous_3)","decl":{"start":{"line":190,"column":27},"end":{"line":190,"column":28}},"loc":{"start":{"line":190,"column":53},"end":{"line":215,"column":1}},"line":190},"4":{"name":"(anonymous_4)","decl":{"start":{"line":217,"column":28},"end":{"line":217,"column":29}},"loc":{"start":{"line":217,"column":54},"end":{"line":253,"column":1}},"line":217},"5":{"name":"(anonymous_5)","decl":{"start":{"line":255,"column":28},"end":{"line":255,"column":29}},"loc":{"start":{"line":255,"column":54},"end":{"line":269,"column":1}},"line":255},"6":{"name":"(anonymous_6)","decl":{"start":{"line":271,"column":33},"end":{"line":271,"column":34}},"loc":{"start":{"line":271,"column":59},"end":{"line":351,"column":1}},"line":271},"7":{"name":"(anonymous_7)","decl":{"start":{"line":293,"column":33},"end":{"line":293,"column":34}},"loc":{"start":{"line":293,"column":47},"end":{"line":307,"column":3}},"line":293},"8":{"name":"(anonymous_8)","decl":{"start":{"line":353,"column":39},"end":{"line":353,"column":40}},"loc":{"start":{"line":353,"column":65},"end":{"line":367,"column":1}},"line":353},"9":{"name":"(anonymous_9)","decl":{"start":{"line":369,"column":36},"end":{"line":369,"column":37}},"loc":{"start":{"line":369,"column":62},"end":{"line":415,"column":1}},"line":369},"10":{"name":"(anonymous_10)","decl":{"start":{"line":417,"column":38},"end":{"line":417,"column":39}},"loc":{"start":{"line":417,"column":64},"end":{"line":443,"column":1}},"line":417},"11":{"name":"(anonymous_11)","decl":{"start":{"line":445,"column":38},"end":{"line":445,"column":39}},"loc":{"start":{"line":445,"column":64},"end":{"line":520,"column":1}},"line":445},"12":{"name":"(anonymous_12)","decl":{"start":{"line":522,"column":28},"end":{"line":522,"column":29}},"loc":{"start":{"line":522,"column":54},"end":{"line":596,"column":1}},"line":522},"13":{"name":"(anonymous_13)","decl":{"start":{"line":556,"column":19},"end":{"line":556,"column":20}},"loc":{"start":{"line":556,"column":30},"end":{"line":582,"column":5}},"line":556},"14":{"name":"(anonymous_14)","decl":{"start":{"line":560,"column":10},"end":{"line":560,"column":11}},"loc":{"start":{"line":561,"column":12},"end":{"line":561,"column":104}},"line":561},"15":{"name":"(anonymous_15)","decl":{"start":{"line":598,"column":33},"end":{"line":598,"column":34}},"loc":{"start":{"line":598,"column":59},"end":{"line":636,"column":1}},"line":598},"16":{"name":"(anonymous_16)",
[...]
c":{"start":{"line":278,"column":8},"end":{"line":279,"column":13}},"type":"binary-expr","locations":[{"start":{"line":278,"column":8},"end":{"line":278,"column":72}},{"start":{"line":279,"column":8},"end":{"line":279,"column":13}}],"line":278},"21":{"loc":{"start":{"line":314,"column":2},"end":{"line":318,"column":3}},"type":"if","locations":[{"start":{"line":314,"column":2},"end":{"line":318,"column":3}},{"start":{},"end":{}}],"line":314},"22":{"loc":{"start":{"line":335,"column":21},"end":{"line":335,"column":53}},"type":"binary-expr","locations":[{"start":{"line":335,"column":21},"end":{"line":335,"column":45}},{"start":{"line":335,"column":49},"end":{"line":335,"column":53}}],"line":335},"23":{"loc":{"start":{"line":336,"column":22},"end":{"line":336,"column":55}},"type":"binary-expr","locations":[{"start":{"line":336,"column":22},"end":{"line":336,"column":47}},{"start":{"line":336,"column":51},"end":{"line":336,"column":55}}],"line":336}},"s":{"0":1,"1":1,"2":1,"3":1,"4":0,"5":1,"6":1,"7":1,"8":0,"9":1,"10":1,"11":1,"12":1,"13":0,"14":1,"15":1,"16":1,"17":0,"18":1,"19":1,"20":1,"21":1,"22":1,"23":1,"24":0,"25":1,"26":0,"27":0,"28":0,"29":0,"30":0,"31":0,"32":0,"33":0,"34":0,"35":1,"36":1,"37":1,"38":1,"39":0,"40":1,"41":1,"42":1,"43":0,"44":1,"45":1,"46":1,"47":0,"48":1,"49":1,"50":1,"51":0,"52":1,"53":0,"54":1,"55":1,"56":1,"57":1,"58":1,"59":1,"60":0,"61":1,"62":0,"63":0,"64":1,"65":0,"66":0,"67":0,"68":1,"69":1,"70":1,"71":1,"72":1,"73":1,"74":0,"75":1,"76":0,"77":0,"78":0,"79":0,"80":0,"81":0,"82":1,"83":1,"84":1,"85":0,"86":1,"87":0,"88":0,"89":0,"90":0,"91":0,"92":0,"93":0,"94":0,"95":0,"96":0,"97":0,"98":0,"99":0,"100":0,"101":1,"102":0,"103":0,"104":0,"105":0,"106":0,"107":0,"108":0,"109":0,"110":0,"111":0,"112":0,"113":0,"114":0,"115":0,"116":0,"117":0,"118":0,"119":0,"120":0,"121":1,"122":1,"123":0,"124":1,"125":1,"126":1,"127":1,"128":1,"129":0},"f":{"0":1,"1":1,"2":0,"3":1,"4":1,"5":1,"6":1,"7":1,"8":0,"9":0,"10":0,"11":0,"12":0,"13":0,"14":0,"15":0,"16":0,"17":1},"b":{"0":[0,1],"1":[0,1],"2":[0,1],"3":[0,0],"4":[0,0],"5":[0,1],"6":[0,1],"7":[0,1],"8":[0,1],"9":[0,1],"10":[0,1],"11":[1,0],"12":[0,1],"13":[0,1],"14":[0,0],"15":[0,0],"16":[0,0],"17":[0,0],"18":[0,0],"19":[0,0],"20":[0,0],"21":[0,1],"22":[1,0],"23":[1,0]},"_coverageSchema":"1a1c01bbd47fc00a2c39e90264f33305004495a9","hash":"c4d9c7ca29bd77259b4c414369a9b65e08e26b40"}
,"E:\\SQA_Full\\Kaydi-Ecommerce\\server\\lib\\pusher.js": {"path":"E:\\SQA_Full\\Kaydi-Ecommerce\\server\\lib\\pusher.js","statementMap":{"0":{"start":{"line":3,"column":28},"end":{"line":9,"column":2}}},"fnMap":{},"branchMap":{},"s":{"0":1},"f":{},"b":{},"_coverageSchema":"1a1c01bbd47fc00a2c39e90264f33305004495a9","hash":"8133e58f1b4f308696296fb68bd08e01ecdf3044"}
,"E:\\SQA_Full\\Kaydi-Ecommerce\\server\\models\\cartModel.js": {"path":"E:\\SQA_Full\\Kaydi-Ecommerce\\server\\models\\cartModel.js","statementMap":{"0":{"start":{"line":3,"column":19},"end":{"line":50,"column":1}},"1":{"start":{"line":52,"column":13},"end":{"line":52,"column":47}}},"fnMap":{},"branchMap":{},"s":{"0":1,"1":1},"f":{},"b":{},"_coverageSchema":"1a1c01bbd47fc00a2c39e90264f33305004495a9","hash":"93d7ddb5911556c1efc92531b3dc63550635e669"}
,"E:\\SQA_Full\\Kaydi-Ecommerce\\server\\models\\categoryModel.js": {"path":"E:\\SQA_Full\\Kaydi-Ecommerce\\server\\models\\categoryModel.js","statementMap":{"0":{"start":{"line":3,"column":23},"end":{"line":24,"column":1}},"1":{"start":{"line":26,"column":17},"end":{"line":26,"column":59}}},"fnMap":{},"branchMap":{},"s":{"0":1,"1":1},"f":{},"b":{},"_coverageSchema":"1a1c01bbd47fc00a2c39e90264f33305004495a9","hash":"6d23463d3eec7b6ba1763ee8c2a0eb4b8bd082ce"}
,"E:\\SQA_Full\\Kaydi-Ecommerce\\server\\models\\chatModel.js": {"path":"E:\\SQA_Full\\Kaydi-Ecommerce\\server\\models\\chatModel.js","statementMap":{"0":{"start":{"line":3,"column":19},"end":{"line":41,"column":1}},"1":{"start":{"line":43,"column":13},"end":{"line":43,"column":47}}},"fnMap":{},"branchMap":{},"s":{"0":2,"1":2},"f":{},"b":{},"_coverageSchema":"1a1c01bbd47fc00a2c39e90264f33305004495a9","hash":"c51d2e0dbac2951c4314e1a749a204c629387a99"}
,"E:\\SQA_Full\\Kaydi-Ecommerce\\server\\models\\messageModel.js": {"path":"E:\\SQA_Full\\Kaydi-Ecommerce\\server\\models\\messageModel.js","statementMap":{"0":{"start":{"line":3,"column":22},"end":{"line":37,"column":1}},"1":{"start":{"line":39,"column":16},"end":{"line":39,"column":56}}},"fnMap":{},"branchMap":{},"s":{"0":1,"1":1},"f":{},"b":{},"_coverageSchema":"1a1c01bbd47fc00a2c39e90264f33305004495a9","hash":"2a9309af1d8c7d319b764cd49c2866307ead860d"}
,"E:\\SQA_Full\\Kaydi-Ecommerce\\server\\models\\orderModel.js": {"path":"E:\\SQA_Full\\Kaydi-Ecommerce\\server\\models\\orderModel.js","statementMap":{"0":{"start":{"line":3,"column":20},"end":{"line":88,"column":1}},"1":{"start":{"line":90,"column":14},"end":{"line":90,"column":50}}},"fnMap":{},"branchMap":{},"s":{"0":2,"1":2},"f":{},"b":{},"_coverageSchema":"1a1c01bbd47fc00a2c39e90264f33305004495a9","hash":"fcfeab60b8fadc981ff4b40d9557d357d157d6b7"}
,"E:\\SQA_Full\\Kaydi-Ecommerce\\server\\models\\productModel.js": {"path":"E:\\SQA_Full\\Kaydi-Ecommerce\\server\\models\\productModel.js","statementMap":{"0":{"start":{"line":3,"column":22},"end":{"line":49,"column":1}},"1":{"start":{"line":51,"column":16},"end":{"line":51,"column":56}}},"fnMap":{},"branchMap":{},"s":{"0":6,"1":6},"f":{},"b":{},"_coverageSchema":"1a1c01bbd47fc00a2c39e90264f33305004495a9","hash":"7e17661823e1c34573e0a75498c11df9ac45110b"}
,"E:\\SQA_Full\\Kaydi-Ecommerce\\server\\models\\reviewModel.js": {"path":"E:\\SQA_Full\\Kaydi-Ecommerce\\server\\models\\reviewModel.js","statementMap":{"0":{"start":{"line":3,"column":21},"end":{"line":53,"column":1}},"1":{"start":{"line":55,"column":15},"end":{"line":55,"column":53}}},"fnMap":{},"branchMap":{},"s":{"0":1,"1":1},"f":{},"b":{},"_coverageSchema":"1a1c01bbd47fc00a2c39e90264f33305004495a9","hash":"09cce8110aaf8c0f8d57f2429472792b87f5b1ec"}
,"E:\\SQA_Full\\Kaydi-Ecommerce\\server\\models\\userModel.js": {"path":"E:\\SQA_Full\\Kaydi-Ecommerce\\server\\models\\userModel.js","statementMap":{"0":{"start":{"line":3,"column":19},"end":{"line":55,"column":1}},"1":{"start":{"line":57,"column":13},"end":{"line":57,"column":47}}},"fnMap":{},"branchMap":{},"s":{"0":6,"1":6},"f":{},"b":{},"_coverageSchema":"1a1c01bbd47fc00a2c39e90264f33305004495a9","hash":"91334187feb9f7f11b7a7fda411ab67510c39c25"}
,"E:\\SQA_Full\\Kaydi-Ecommerce\\server\\models\\voucherModel.js": {"path":"E:\\SQA_Full\\Kaydi-Ecommerce\\server\\models\\voucherModel.js","statementMap":{"0":{"start":{"line":3,"column":22},"end":{"line":51,"column":1}},"1":{"start":{"line":53,"column":16},"end":{"line":53,"column":56}}},"fnMap":{},"branchMap":{},"s":{"0":1,"1":1},"f":{},"b":{},"_coverageSchema":"1a1c01bbd47fc00a2c39e90264f33305004495a9","hash":"e9c3a7e3c7950bd784a94ea6de7e7cd7d4318d7b"}
,"E:\\SQA_Full\\Kaydi-Ecommerce\\server\\tests\\helpers\\categoryHelper.js": {"path":"E:\\SQA_Full\\Kaydi-Ecommerce\\server\\tests\\helpers\\categoryHelper.js","statementMap":{"0":{"start":{"line":1,"column":17},"end":{"line":1,"column":62}},"1":{"start":{"line":4,"column":22},"end":{"line":9,"column":3}},"2":{"start":{"line":10,"column":2},"end":{"line":10,"column":65}},"3":{"start":{"line":13,"column":0},"end":{"line":13,"column":36}}},"fnMap":{"0":{"name":"createCategory","decl":{"start":{"line":3,"column":15},"end":{"line":3,"column":29}},"loc":{"start":{"line":3,"column":46},"end":{"line":11,"column":1}},"line":3}},"branchMap":{"0":{"loc":{"start":{"line":3,"column":30},"end":{"line":3,"column":44}},"type":"default-arg","locations":[{"start":{"line":3,"column":42},"end":{"line":3,"column":44}}],"line":3}},"s":{"0":1,"1":7,"2":7,"3":1},"f":{"0":7},"b":{"0":[0]},"_coverageSchema":"1a1c01bbd47fc00a2c39e90264f33305004495a9","hash":"91e5f0c9d625f92c3cd5147db33fdb13faee1374"}
,"E:\\SQA_Full\\Kaydi-Ecommerce\\server\\tests\\helpers\\chatHelper.js": {"path":"E:\\SQA_Full\\Kaydi-Ecommerce\\server\\tests\\helpers\\chatHelper.js","statementMap":{"0":{"start":{"line":1,"column":13},"end":{"line":1,"column":54}},"1":{"start":{"line":4,"column":22},"end":{"line":8,"column":3}},"2":{"start":{"line":9,"column":2},"end":{"line":9,"column":61}},"3":{"start":{"line":12,"column":0},"end":{"line":12,"column":32}}},"fnMap":{"0":{"name":"createChat","decl":{"start":{"line":3,"column":15},"end":{"line":3,"column":25}},"loc":{"start":{"line":3,"column":42},"end":{"line":10,"column":1}},"line":3}},"branchMap":{"0":{"loc":{"start":{"line":3,"column":26},"end":{"line":3,"column":40}},"type":"default-arg","locations":[{"start":{"line":3,"column":38},"end":{"line":3,"column":40}}],"line":3}},"s":{"0":1,"1":4,"2":4,"3":1},"f":{"0":4},"b":{"0":[0]},"_coverageSchema":"1a1c01bbd47fc00a2c39e90264f33305004495a9","hash":"fc1c548cc63fafa5739350e0710a31c83397cf2e"}
,"E:\\SQA_Full\\Kaydi-Ecommerce\\server\\tests\\helpers\\orderHelper.js": {"path":"E:\\SQA_Full\\Kaydi-Ecommerce\\server\\tests\\helpers\\orderHelper.js","statementMap":{"0":{"start":{"line":1,"column":17},"end":{"line":1,"column":36}},"1":{"start":{"line":2,"column":13},"end":{"line":2,"column":54}},"2":{"start":{"line":3,"column":16},"end":{"line":3,"column":60}},"3":{"start":{"line":4,"column":14},"end":{"line":4,"column":56}},"4":{"start":{"line":36,"column":18},"end":{"line":44,"column":4}},"5":{"start":{"line":46,"column":2},"end":{"line":65,"column":4}},"6":{"start":{"line":69,"column":18},"end":{"line":69,"column":50}},"7":{"start":{"line":70,"column":2},"end":{"line":70,"column":58}},"8":{"start":{"line":73,"column":0},"end":{"line":73,"column":53}}},"fnMap":{"0":{"name":"createOrderPayload","decl":{"start":{"line":35,"column":15},"end":{"line":35,"column":33}},"loc":{"start":{"line":35,"column":42},"end":{"line":66,"column":1}},"line":35},"1":{"name":"createOrder","decl":{"start":{"line":68,"column":15},"end":{"line":68,"column":26}},"loc":{"start":{"line":68,"column":51},"end":{"line":71,"column":1}},"line":68}},"branchMap":{"0":{"loc":{"start":{"line":68,"column":35},"end":{"line":68,"column":49}},"type":"default-arg","locations":[{"start":{"line":68,"column":47},"end":{"line":68,"column":49}}],"line":68}},"s":{"0":1,"1":1,"2":1,"3":1,"4":8,"5":8,"6":1,"7":1,"8":1},"f":{"0":8,"1":1},"b":{"0":[1]},"_coverageSchema":"1a1c01bbd47fc00a2c39e90264f33305004495a9","hash":"db492e9429351ff62d1230580e6496d46258796f"}
,"E:\\SQA_Full\\Kaydi-Ecommerce\\server\\tests\\helpers\\productHelper.js": {"path":"E:\\SQA_Full\\Kaydi-Ecommerce\\server\\tests\\helpers\\productHelper.js","statementMap":{"0":{"start":{"line":2,"column":16},"end":{"line":2,"column":60}},"1":{"start":{"line":5,"column":22},"end":{"line":14,"column":3}},"2":{"start":{"line":15,"column":2},"end":{"line":15,"column":64}},"3":{"start":{"line":18,"column":0},"end":{"line":18,"column":35}}},"fnMap":{"0":{"name":"createProduct","decl":{"start":{"line":4,"column":15},"end":{"line":4,"column":28}},"loc":{"start":{"line":4,"column":45},"end":{"line":16,"column":1}},"line":4}},"branchMap":{"0":{"loc":{"start":{"line":4,"column":29},"end":{"line":4,"column":43}},"type":"default-arg","locations":[{"start":{"line":4,"column":41},"end":{"line":4,"column":43}}],"line":4}},"s":{"0":2,"1":20,"2":20,"3":2},"f":{"0":20},"b":{"0":[0]},"_coverageSchema":"1a1c01bbd47fc00a2c39e90264f33305004495a9","hash":"2e3c89f9e1735fa1beafe60de11883f3d4f06307"}
,"E:\\SQA_Full\\Kaydi-Ecommerce\\server\\tests\\helpers\\reviewHelper.js": {"path":"E:\\SQA_Full\\Kaydi-Ecommerce\\server\\tests\\helpers\\reviewHelper.js","statementMap":{"0":{"start":{"line":12,"column":22},"end":{"line":19,"column":3}},"1":{"start":{"line":21,"column":17},"end":{"line":21,"column":61}},"2":{"start":{"line":22,"column":2},"end":{"line":22,"column":29}},"3":{"start":{"line":36,"column":18},"end":{"line":36,"column":20}},"4":{"start":{"line":37,"column":2},"end":{"line":47,"column":3}},"5":{"start":{"line":37,"column":15},"end":{"line":37,"column":16}},"6":{"start":{"line":38,"column":19},"end":{"line":45,"column":6}},"7":{"start":{"line":46,"column":4},"end":{"line":46,"column":25}},"8":{"start":{"line":48,"column":2},"end":{"line":48,"column":42}}},"fnMap":{"0":{"name":"createReview","decl":{"start":{"line":11,"column":22},"end":{"line":11,"column":34}},"loc":{"start":{"line":11,"column":51},"end":{"line":23,"column":1}},"line":11},"1":{"name":"createMultipleReviews","decl":{"start":{"line":32,"column":22},"end":{"line":32,"column":43}},"loc":{"start":{"line":35,"column":8},"end":{"line":49,"column":1}},"line":35}},"branchMap":{"0":{"loc":{"start":{"line":11,"column":35},"end":{"line":11,"column":49}},"type":"default-arg","locations":[{"start":{"line":11,"column":47},"end":{"line":11,"column":49}}],"line":11},"1":{"loc":{"start":{"line":32,"column":44},"end":{"line":35,"column":6}},"type":"default-arg","locations":[{"start":{"line":35,"column":4},"end":{"line":35,"column":6}}],"line":32},"2":{"loc":{"start":{"line":33,"column":2},"end":{"line":33,"column":11}},"type":"default-arg","locations":[{"start":{"line":33,"column":10},"end":{"line":33,"column":11}}],"line":33},"3":{"loc":{"start":{"line":34,"column":2},"end":{"line":34,"column":19}},"type":"default-arg","locations":[{"start":{"line":34,"column":17},"end":{"line":34,"column":19}}],"line":34},"4":{"loc":{"start":{"line":39,"column":15},"end":{"line":39,"column":68}},"type":"binary-expr","locations":[{"start":{"line":39,"column":15},"end":{"line":39,"column":35}},{"start":{"line":39,"column":39},"end":{"line":39,"column":68}}],"line":39},"5":{"loc":{"start":{"line":40,"column":15},"end":{"line":40,"column":68}},"type":"binary-expr","locations":[{"start":{"line":40,"column":15},"end":{"line":40,"column":35}},{"start":{"line":40,"column":39},"end":{"line":40,"column":68}}],"line":40}},"s":{"0":3,"1":3,"2":3,"3":4,"4":4,"5":4,"6":14,"7":14,"8":4},"f":{"0":3,"1":4},"b":{"0":[1],"1":[0],"2":[0],"3":[0],"4":[14,12],"5":[14,2]},"_coverageSchema":"1a1c01bbd47fc00a2c39e90264f33305004495a9","hash":"5c70bf8df8cacc6e339702ebe09b570005bcc437"}
,"E:\\SQA_Full\\Kaydi-Ecommerce\\server\\tests\\helpers\\userHelper.js": {"path":"E:\\SQA_Full\\Kaydi-Ecommerce\\server\\tests\\helpers\\userHelper.js","statementMap":{"0":{"start":{"line":1,"column":13},"end":{"line":1,"column":54}},"1":{"start":{"line":4,"column":22},"end":{"line":10,"column":3}},"2":{"start":{"line":11,"column":2},"end":{"line":11,"column":61}},"3":{"start":{"line":15,"column":22},"end":{"line":21,"column":3}},"4":{"start":{"line":22,"column":2},"end":{"line":22,"column":61}},"5":{"start":{"line":25,"column":0},"end":{"line":25,"column":49}}},"fnMap":{"0":{"name":"createUser","decl":{"start":{"line":3,"column":15},"end":{"line":3,"column":25}},"loc":{"start":{"line":3,"column":42},"end":{"line":12,"column":1}},"line":3},"1":{"name":"createAdminUser","decl":{"start":{"line":14,"column":15},"end":{"line":14,"column":30}},"loc":{"start":{"line":14,"column":47},"end":{"line":23,"column":1}},"line":14}},"branchMap":{"0":{"loc":{"start":{"line":3,"column":26},"end":{"line":3,"column":40}},"type":"default-arg","locations":[{"start":{"line":3,"column":38},"end":{"line":3,"column":40}}],"line":3},"1":{"loc":{"start":{"line":14,"column":31},"end":{"line":14,"column":45}},"type":"default-arg","locations":[{"start":{"line":14,"column":43},"end":{"line":14,"column":45}}],"line":14}},"s":{"0":4,"1":15,"2":15,"3":1,"4":1,"5":4},"f":{"0":15,"1":1},"b":{"0":[6],"1":[1]},"_coverageSchema":"1a1c01bbd47fc00a2c39e90264f33305004495a9","hash":"c52539e8b348ea4a8a4c04717828fe0a0cf4c40f"}
,"E:\\SQA_Full\\Kaydi-Ecommerce\\server\\tests\\helpers\\voucherHelper.js": {"path":"E:\\SQA_Full\\Kaydi-Ecommerce\\server\\tests\\helpers\\voucherHelper.js","statementMap":{"0":{"start":{"line":6,"column":25},"end":{"line":15,"column":3}},"1":{"start":{"line":17,"column":22},"end":{"line":17,"column":57}},"2":{"start":{"line":18,"column":18},"end":{"line":18,"column":42}},"3":{"start":{"line":19,"column":2},"end":{"line":19,"column":30}},"4":{"start":{"line":23,"column":19},"end":{"line":23,"column":21}},"5":{"start":{"line":24,"column":2},"end":{"line":30,"column":3}},"6":{"start":{"line":24,"column":15},"end":{"line":24,"column":16}},"7":{"start":{"line":25,"column":20},"end":{"line":28,"column":6}},"8":{"start":{"line":29,"column":4},"end":{"line":29,"column":27}},"9":{"start":{"line":31,"column":2},"end":{"line":31,"column":18}},"10":{"start":{"line":35,"column":2},"end":{"line":39,"column":5}},"11":{"start":{"line":43,"column":2},"end":{"line":47,"column":5}}},"fnMap":{"0":{"name":"createVoucher","decl":{"start":{"line":5,"column":22},"end":{"line":5,"column":35}},"loc":{"start":{"line":5,"column":52},"end":{"line":20,"column":1}},"line":5},"1":{"name":"createMultipleVouchers","decl":{"start":{"line":22,"column":22},"end":{"line":22,"column":44}},"loc":{"start":{"line":22,"column":72},"end":{"line":32,"column":1}},"line":22},"2":{"name":"createExpiredVoucher","decl":{"start":{"line":34,"column":22},"end":{"line":34,"column":42}},"loc":{"start":{"line":34,"column":45},"end":{"line":40,"column":1}},"line":34},"3":{"name":"createUsedUpVoucher","decl":{"start":{"line":42,"column":22},"end":{"line":42,"column":41}},"loc":{"start":{"line":42,"column":44},"end":{"line":48,"column":1}},"line":42}},"branchMap":{"0":{"loc":{"start":{"line":5,"column":36},"end":{"line":5,"column":50}},"type":"default-arg","locations":[{"start":{"line":5,"column":48},"end":{"line":5,"column":50}}],"line":5},"1":{"loc":{"start":{"line":22,"column":45},"end":{"line":22,"column":54}},"type":"default-arg","locations":[{"start":{"line":22,"column":53},"end":{"line":22,"column":54}}],"line":22},"2":{"loc":{"start":{"line":22,"column":56},"end":{"line":22,"column":70}},"type":"default-arg","locations":[{"start":{"line":22,"column":68},"end":{"line":22,"column":70}}],"line":22}},"s":{"0":7,"1":7,"2":7,"3":7,"4":0,"5":0,"6":0,"7":0,"8":0,"9":0,"10":0,"11":0},"f":{"0":7,"1":0,"2":0,"3":0},"b":{"0":[0],"1":[0],"2":[0]},"_coverageSchema":"1a1c01bbd47fc00a2c39e90264f33305004495a9","hash":"553725a67b7087c61a69a24e461393311795b8fc"}
,"E:\\SQA_Full\\Kaydi-Ecommerce\\server\\tests\\setup\\mongoMemoryServer.js": {"path":"E:\\SQA_Full\\Kaydi-Ecommerce\\server\\tests\\setup\\mongoMemoryServer.js","statementMap":{"0":{"start":{"line":1,"column":17},"end":{"line":1,"column":36}},"1":{"start":{"line":2,"column":30},"end":{"line":2,"column":62}},"2":{"start":{"line":6,"column":0},"end":{"line":14,"column":2}},"3":{"start":{"line":7,"column":2},"end":{"line":7,"column":49}},"4":{"start":{"line":8,"column":14},"end":{"line":8,"column":34}},"5":{"start":{"line":10,"column":2},"end":{"line":13,"column":5}},"6":{"start":{"line":16,"column":0},"end":{"line":20,"column":2}},"7":{"start":{"line":17,"column":2},"end":{"line":17,"column":43}},"8":{"start":{"line":18,"column":2},"end":{"line":18,"column":36}},"9":{"start":{"line":19,"column":2},"end":{"line":19,"column":27}},"10":{"start":{"line":22,"column":0},"end":{"line":27,"column":2}},"11":{"start":{"line":23,"column":22},"end":{"line":23,"column":53}},"12":{"start":{"line":24,"column":2},"end":{"line":26,"column":3}},"13":{"start":{"line":25,"column":4},"end":{"line":25,"column":40}}},"fnMap":{"0":{"name":"(anonymous_0)","decl":{"start":{"line":6,"column":25},"end":{"line":6,"column":26}},"loc":{"start":{"line":6,"column":37},"end":{"line":14,"column":1}},"line":6},"1":{"name":"(anonymous_1)","decl":{"start":{"line":16,"column":31},"end":{"line":16,"column":32}},"loc":{"start":{"line":16,"column":43},"end":{"line":20,"column":1}},"line":16},"2":{"name":"(anonymous_2)","decl":{"start":{"line":22,"column":31},"end":{"line":22,"column":32}},"loc":{"start":{"line":22,"column":43},"end":{"line":27,"column":1}},"line":22}},"branchMap":{},"s":{"0":9,"1":9,"2":9,"3":9,"4":9,"5":9,"6":9,"7":9,"8":9,"9":9,"10":9,"11":67,"12":67,"13":153},"f":{"0":9,"1":9,"2":67},"b":{},"_coverageSchema":"1a1c01bbd47fc00a2c39e90264f33305004495a9","hash":"bfbfaeb7bf681b5438938700830c26eac84636b6"}
}
