TN:
SF:controllers\authController.js
FN:7,(anonymous_0)
FN:50,(anonymous_1)
FN:114,(anonymous_2)
FN:128,(anonymous_3)
FN:232,(anonymous_4)
FN:238,(anonymous_5)
FN:264,(anonymous_6)
FN:314,(anonymous_7)
FNF:8
FNH:5
FNDA:1,(anonymous_0)
FNDA:1,(anonymous_1)
FNDA:1,(anonymous_2)
FNDA:0,(anonymous_3)
FNDA:1,(anonymous_4)
FNDA:1,(anonymous_5)
FNDA:0,(anonymous_6)
FNDA:0,(anonymous_7)
DA:7,1
DA:8,1
DA:10,1
DA:11,0
DA:14,1
DA:15,0
DA:20,1
DA:21,0
DA:26,1
DA:27,1
DA:28,0
DA:31,1
DA:33,1
DA:39,1
DA:40,1
DA:41,1
DA:46,0
DA:50,1
DA:51,1
DA:53,1
DA:54,0
DA:57,1
DA:58,1
DA:59,1
DA:60,0
DA:62,1
DA:63,1
DA:64,0
DA:68,1
DA:79,1
DA:89,1
DA:91,1
DA:93,1
DA:107,0
DA:108,0
DA:114,1
DA:115,1
DA:116,1
DA:124,0
DA:128,1
DA:129,0
DA:131,0
DA:132,0
DA:133,0
DA:135,0
DA:146,0
DA:156,0
DA:157,0
DA:159,0
DA:174,0
DA:176,0
DA:178,0
DA:187,0
DA:190,0
DA:201,0
DA:211,0
DA:213,0
DA:228,0
DA:232,1
DA:233,1
DA:234,1
DA:235,0
DA:238,1
DA:239,1
DA:240,0
DA:244,1
DA:254,1
DA:260,1
DA:264,1
DA:265,0
DA:267,0
DA:268,0
DA:271,0
DA:272,0
DA:273,0
DA:274,0
DA:277,0
DA:278,0
DA:283,0
DA:284,0
DA:285,0
DA:287,0
DA:295,0
DA:296,0
DA:303,0
DA:305,0
DA:309,0
DA:310,0
DA:314,1
DA:315,0
DA:316,0
DA:318,0
DA:319,0
DA:324,0
DA:325,0
DA:326,0
DA:331,0
DA:332,0
DA:335,0
DA:336,0
DA:337,0
DA:338,0
DA:340,0
DA:342,0
DA:344,0
LF:105
LH:39
BRDA:10,0,0,0
BRDA:10,0,1,1
BRDA:10,1,0,1
BRDA:10,1,1,1
BRDA:10,1,2,1
BRDA:10,1,3,1
BRDA:14,2,0,0
BRDA:14,2,1,1
BRDA:14,3,0,1
BRDA:14,3,1,1
BRDA:14,3,2,1
BRDA:20,4,0,0
BRDA:20,4,1,1
BRDA:20,5,0,1
BRDA:20,5,1,1
BRDA:27,6,0,0
BRDA:27,6,1,1
BRDA:53,7,0,0
BRDA:53,7,1,1
BRDA:53,8,0,1
BRDA:53,8,1,1
BRDA:53,8,2,1
BRDA:53,8,3,1
BRDA:59,9,0,0
BRDA:59,9,1,1
BRDA:63,10,0,0
BRDA:63,10,1,1
BRDA:98,11,0,0
BRDA:98,11,1,1
BRDA:103,12,0,0
BRDA:103,12,1,1
BRDA:133,13,0,0
BRDA:133,13,1,0
BRDA:164,14,0,0
BRDA:164,14,1,0
BRDA:169,15,0,0
BRDA:169,15,1,0
BRDA:218,16,0,0
BRDA:218,16,1,0
BRDA:223,17,0,0
BRDA:223,17,1,0
BRDA:234,18,0,0
BRDA:234,18,1,1
BRDA:239,19,0,0
BRDA:239,19,1,1
BRDA:267,20,0,0
BRDA:267,20,1,0
BRDA:267,21,0,0
BRDA:267,21,1,0
BRDA:273,22,0,0
BRDA:273,22,1,0
BRDA:318,23,0,0
BRDA:318,23,1,0
BRDA:318,24,0,0
BRDA:318,24,1,0
BRDA:318,24,2,0
BRDA:331,25,0,0
BRDA:331,25,1,0
BRF:58
BRH:24
end_of_record
TN:
SF:controllers\cartController.js
FN:5,(anonymous_0)
FN:26,(anonymous_1)
FN:47,(anonymous_2)
FN:62,(anonymous_3)
FN:74,(anonymous_4)
FN:88,(anonymous_5)
FN:96,(anonymous_6)
FN:109,(anonymous_7)
FN:128,(anonymous_8)
FN:142,(anonymous_9)
FN:157,(anonymous_10)
FN:170,(anonymous_11)
FN:184,(anonymous_12)
FN:193,(anonymous_13)
FN:206,(anonymous_14)
FN:219,(anonymous_15)
FN:221,(anonymous_16)
FN:239,(anonymous_17)
FN:252,(anonymous_18)
FN:254,(anonymous_19)
FN:270,(anonymous_20)
FN:275,(anonymous_21)
FNF:22
FNH:17
FNDA:7,(anonymous_0)
FNDA:1,(anonymous_1)
FNDA:8,(anonymous_2)
FNDA:1,(anonymous_3)
FNDA:1,(anonymous_4)
FNDA:0,(anonymous_5)
FNDA:0,(anonymous_6)
FNDA:1,(anonymous_7)
FNDA:1,(anonymous_8)
FNDA:1,(anonymous_9)
FNDA:1,(anonymous_10)
FNDA:0,(anonymous_11)
FNDA:1,(anonymous_12)
FNDA:1,(anonymous_13)
FNDA:1,(anonymous_14)
FNDA:1,(anonymous_15)
FNDA:1,(anonymous_16)
FNDA:1,(anonymous_17)
FNDA:2,(anonymous_18)
FNDA:2,(anonymous_19)
FNDA:0,(anonymous_20)
FNDA:0,(anonymous_21)
DA:5,1
DA:6,7
DA:8,7
DA:9,0
DA:14,7
DA:15,7
DA:16,7
DA:17,6
DA:20,7
DA:21,7
DA:22,0
DA:25,7
DA:27,1
DA:32,7
DA:33,0
DA:35,7
DA:46,7
DA:47,8
DA:51,7
DA:52,7
DA:54,0
DA:55,0
DA:62,1
DA:63,1
DA:64,1
DA:66,1
DA:68,1
DA:69,0
DA:73,1
DA:75,1
DA:79,1
DA:80,0
DA:84,1
DA:87,1
DA:88,0
DA:93,1
DA:95,1
DA:96,0
DA:100,1
DA:105,0
DA:109,1
DA:110,1
DA:112,1
DA:113,0
DA:118,1
DA:119,1
DA:121,1
DA:122,0
DA:125,1
DA:127,1
DA:128,1
DA:132,1
DA:138,0
DA:142,1
DA:143,1
DA:144,1
DA:145,1
DA:146,0
DA:150,1
DA:151,1
DA:152,1
DA:153,0
DA:156,1
DA:158,1
DA:163,1
DA:164,1
DA:165,1
DA:166,0
DA:167,0
DA:168,0
DA:169,0
DA:171,0
DA:180,0
DA:183,1
DA:184,1
DA:188,1
DA:190,1
DA:192,1
DA:193,1
DA:197,1
DA:202,0
DA:206,1
DA:207,1
DA:208,1
DA:209,0
DA:213,1
DA:214,1
DA:215,1
DA:216,0
DA:219,1
DA:220,1
DA:222,1
DA:228,1
DA:229,0
DA:232,1
DA:234,0
DA:239,1
DA:240,1
DA:241,1
DA:242,0
DA:246,1
DA:247,1
DA:248,1
DA:249,0
DA:252,1
DA:253,2
DA:255,2
DA:260,2
DA:261,0
DA:264,2
DA:265,2
DA:269,1
DA:270,0
DA:274,1
DA:275,0
DA:279,1
DA:280,1
DA:286,0
LF:118
LH:86
BRDA:8,0,0,0
BRDA:8,0,1,7
BRDA:16,1,0,6
BRDA:16,1,1,1
BRDA:21,2,0,0
BRDA:21,2,1,7
BRDA:27,3,0,1
BRDA:27,3,1,0
BRDA:27,3,2,0
BRDA:32,4,0,0
BRDA:32,4,1,7
BRDA:68,5,0,0
BRDA:68,5,1,1
BRDA:75,6,0,1
BRDA:75,6,1,1
BRDA:75,6,2,1
BRDA:79,7,0,0
BRDA:79,7,1,1
BRDA:112,8,0,0
BRDA:112,8,1,1
BRDA:121,9,0,0
BRDA:121,9,1,1
BRDA:145,10,0,0
BRDA:145,10,1,1
BRDA:152,11,0,0
BRDA:152,11,1,1
BRDA:158,12,0,1
BRDA:158,12,1,1
BRDA:158,12,2,1
BRDA:163,13,0,1
BRDA:163,13,1,0
BRDA:164,14,0,1
BRDA:164,14,1,0
BRDA:166,15,0,0
BRDA:166,15,1,0
BRDA:168,16,0,0
BRDA:168,16,1,0
BRDA:172,17,0,0
BRDA:172,17,1,0
BRDA:172,17,2,0
BRDA:208,18,0,0
BRDA:208,18,1,1
BRDA:215,19,0,0
BRDA:215,19,1,1
BRDA:222,20,0,1
BRDA:222,20,1,1
BRDA:222,20,2,1
BRDA:228,21,0,0
BRDA:228,21,1,1
BRDA:241,22,0,0
BRDA:241,22,1,1
BRDA:248,23,0,0
BRDA:248,23,1,1
BRDA:255,24,0,2
BRDA:255,24,1,2
BRDA:255,24,2,2
BRDA:260,25,0,0
BRDA:260,25,1,2
BRDA:264,26,0,2
BRDA:264,26,1,0
BRF:60
BRH:33
end_of_record
TN:
SF:controllers\categoryController.js
FN:5,(anonymous_0)
FN:31,(anonymous_1)
FN:75,(anonymous_2)
FN:90,(anonymous_3)
FN:116,(anonymous_4)
FN:137,(anonymous_5)
FN:181,(anonymous_6)
FN:196,(anonymous_7)
FN:222,(anonymous_8)
FNF:9
FNH:7
FNDA:1,(anonymous_0)
FNDA:1,(anonymous_1)
FNDA:1,(anonymous_2)
FNDA:1,(anonymous_3)
FNDA:1,(anonymous_4)
FNDA:1,(anonymous_5)
FNDA:1,(anonymous_6)
FNDA:0,(anonymous_7)
FNDA:0,(anonymous_8)
DA:5,1
DA:6,1
DA:7,0
DA:12,1
DA:13,1
DA:20,1
DA:21,1
DA:22,1
DA:24,0
DA:25,0
DA:31,1
DA:32,1
DA:33,1
DA:34,1
DA:36,1
DA:37,0
DA:40,1
DA:42,1
DA:48,1
DA:54,1
DA:58,1
DA:62,1
DA:71,0
DA:75,1
DA:76,1
DA:77,0
DA:81,1
DA:82,1
DA:83,1
DA:84,1
DA:86,0
DA:90,1
DA:91,1
DA:92,0
DA:96,1
DA:97,1
DA:98,1
DA:110,1
DA:112,0
DA:116,1
DA:117,1
DA:118,0
DA:122,1
DA:123,1
DA:124,1
DA:125,1
DA:126,0
DA:130,1
DA:133,0
DA:137,1
DA:138,1
DA:139,1
DA:140,1
DA:142,1
DA:143,0
DA:146,1
DA:148,1
DA:154,1
DA:160,1
DA:164,1
DA:168,1
DA:177,0
DA:181,1
DA:182,1
DA:183,1
DA:184,1
DA:185,1
DA:186,0
DA:190,1
DA:192,0
DA:196,1
DA:197,0
DA:198,0
DA:203,0
DA:204,0
DA:207,0
DA:217,0
DA:219,0
DA:222,0
DA:223,0
DA:224,0
DA:236,0
DA:240,0
DA:246,0
DA:247,0
DA:249,0
DA:250,0
LF:87
LH:55
BRDA:6,0,0,0
BRDA:6,0,1,1
BRDA:36,1,0,0
BRDA:36,1,1,1
BRDA:76,2,0,0
BRDA:76,2,1,1
BRDA:91,3,0,0
BRDA:91,3,1,1
BRDA:117,4,0,0
BRDA:117,4,1,1
BRDA:125,5,0,0
BRDA:125,5,1,1
BRDA:142,6,0,0
BRDA:142,6,1,1
BRDA:185,7,0,0
BRDA:185,7,1,1
BRDA:197,8,0,0
BRDA:197,8,1,0
BRDA:223,9,0,0
BRDA:223,9,1,0
BRF:20
BRH:8
end_of_record
TN:
SF:controllers\chatController.js
FN:6,(anonymous_0)
FN:65,(anonymous_1)
FN:87,(anonymous_2)
FN:109,(anonymous_3)
FN:155,(anonymous_4)
FN:175,(anonymous_5)
FN:177,(anonymous_6)
FN:192,(anonymous_7)
FN:212,(anonymous_8)
FN:230,(anonymous_9)
FN:248,(anonymous_10)
FN:277,(anonymous_11)
FN:311,(anonymous_12)
FNF:13
FNH:13
FNDA:2,(anonymous_0)
FNDA:4,(anonymous_1)
FNDA:3,(anonymous_2)
FNDA:1,(anonymous_3)
FNDA:1,(anonymous_4)
FNDA:1,(anonymous_5)
FNDA:1,(anonymous_6)
FNDA:1,(anonymous_7)
FNDA:3,(anonymous_8)
FNDA:2,(anonymous_9)
FNDA:1,(anonymous_10)
FNDA:1,(anonymous_11)
FNDA:1,(anonymous_12)
DA:6,1
DA:7,2
DA:8,2
DA:10,2
DA:11,0
DA:16,2
DA:17,2
DA:40,2
DA:42,2
DA:43,0
DA:53,0
DA:58,2
DA:63,2
DA:65,4
DA:68,0
DA:73,2
DA:76,2
DA:81,2
DA:87,2
DA:88,3
DA:89,3
DA:95,3
DA:99,2
DA:105,0
DA:109,1
DA:110,1
DA:111,1
DA:113,1
DA:114,1
DA:135,1
DA:136,0
DA:139,1
DA:149,1
DA:151,0
DA:155,1
DA:156,1
DA:157,1
DA:158,1
DA:166,1
DA:167,0
DA:170,1
DA:175,1
DA:176,1
DA:177,1
DA:180,1
DA:186,1
DA:188,0
DA:192,1
DA:193,1
DA:194,1
DA:196,1
DA:197,0
DA:201,1
DA:204,1
DA:205,0
DA:210,1
DA:212,3
DA:213,0
DA:216,1
DA:217,1
DA:225,1
DA:230,1
DA:231,2
DA:232,2
DA:238,2
DA:242,1
DA:244,0
DA:248,1
DA:249,1
DA:250,1
DA:252,1
DA:253,1
DA:254,0
DA:257,1
DA:258,1
DA:271,1
DA:273,0
DA:277,1
DA:278,1
DA:279,1
DA:281,1
DA:283,1
DA:284,1
DA:285,0
DA:288,1
DA:289,0
DA:294,1
DA:295,1
DA:305,1
DA:307,0
DA:311,1
DA:312,1
DA:313,1
DA:315,1
DA:316,1
DA:317,0
DA:320,1
DA:321,1
DA:331,1
DA:333,0
LF:100
LH:80
BRDA:10,0,0,0
BRDA:10,0,1,2
BRDA:10,1,0,2
BRDA:10,1,1,2
BRDA:42,2,0,0
BRDA:42,2,1,2
BRDA:63,3,0,0
BRDA:63,3,1,2
BRDA:65,4,0,4
BRDA:65,4,1,4
BRDA:135,5,0,0
BRDA:135,5,1,1
BRDA:166,6,0,0
BRDA:166,6,1,1
BRDA:196,7,0,0
BRDA:196,7,1,1
BRDA:196,8,0,1
BRDA:196,8,1,1
BRDA:201,9,0,1
BRDA:201,9,1,1
BRDA:204,10,0,0
BRDA:204,10,1,1
BRDA:212,11,0,0
BRDA:212,11,1,1
BRDA:212,12,0,3
BRDA:212,12,1,3
BRDA:253,13,0,0
BRDA:253,13,1,1
BRDA:284,14,0,0
BRDA:284,14,1,1
BRDA:288,15,0,0
BRDA:288,15,1,1
BRDA:316,16,0,0
BRDA:316,16,1,1
BRF:34
BRH:22
end_of_record
TN:
SF:controllers\orderController.js
FN:12,(anonymous_0)
FN:68,(anonymous_1)
FN:129,(anonymous_2)
FN:190,(anonymous_3)
FN:217,(anonymous_4)
FN:255,(anonymous_5)
FN:271,(anonymous_6)
FN:293,(anonymous_7)
FN:353,(anonymous_8)
FN:369,(anonymous_9)
FN:417,(anonymous_10)
FN:445,(anonymous_11)
FN:522,(anonymous_12)
FN:556,(anonymous_13)
FN:560,(anonymous_14)
FN:598,(anonymous_15)
FN:628,(anonymous_16)
FN:638,(anonymous_17)
FN:726,(anonymous_18)
FNF:19
FNH:7
FNDA:7,(anonymous_0)
FNDA:1,(anonymous_1)
FNDA:1,(anonymous_2)
FNDA:1,(anonymous_3)
FNDA:1,(anonymous_4)
FNDA:1,(anonymous_5)
FNDA:0,(anonymous_6)
FNDA:0,(anonymous_7)
FNDA:0,(anonymous_8)
FNDA:0,(anonymous_9)
FNDA:0,(anonymous_10)
FNDA:0,(anonymous_11)
FNDA:1,(anonymous_12)
FNDA:0,(anonymous_13)
FNDA:0,(anonymous_14)
FNDA:0,(anonymous_15)
FNDA:0,(anonymous_16)
FNDA:0,(anonymous_17)
FNDA:0,(anonymous_18)
DA:6,1
DA:10,1
DA:12,1
DA:13,7
DA:14,0
DA:25,7
DA:27,7
DA:28,7
DA:29,0
DA:34,7
DA:35,7
DA:36,7
DA:37,0
DA:39,7
DA:40,0
DA:43,7
DA:44,7
DA:47,7
DA:58,7
DA:59,0
DA:61,7
DA:62,7
DA:68,1
DA:69,1
DA:70,0
DA:74,1
DA:75,1
DA:76,1
DA:78,1
DA:80,1
DA:82,1
DA:87,1
DA:92,1
DA:94,1
DA:95,1
DA:97,1
DA:99,1
DA:104,1
DA:105,1
DA:109,0
DA:115,0
DA:125,0
DA:129,1
DA:130,1
DA:140,1
DA:141,1
DA:142,0
DA:146,1
DA:147,1
DA:148,0
DA:149,0
DA:151,0
DA:162,0
DA:163,0
DA:164,0
DA:166,0
DA:167,0
DA:169,0
DA:170,0
DA:173,0
DA:181,0
DA:182,0
DA:184,0
DA:186,1
DA:190,1
DA:191,1
DA:192,1
DA:193,0
DA:195,1
DA:196,1
DA:197,0
DA:198,0
DA:200,0
DA:201,0
DA:205,0
DA:206,0
DA:210,0
DA:211,0
DA:213,1
DA:217,1
DA:218,1
DA:219,1
DA:220,0
DA:225,1
DA:226,1
DA:228,1
DA:230,1
DA:231,1
DA:233,1
DA:237,1
DA:238,1
DA:241,0
DA:242,0
DA:244,0
DA:251,0
DA:255,1
DA:256,1
DA:257,1
DA:258,0
DA:260,1
DA:261,1
DA:262,0
DA:263,0
DA:265,0
DA:267,1
DA:271,1
DA:272,0
DA:273,0
DA:285,0
DA:287,0
DA:288,0
DA:293,0
DA:308,0
DA:310,0
DA:322,0
DA:347,0
DA:349,0
DA:353,1
DA:354,0
DA:356,0
DA:357,0
DA:358,0
DA:359,0
DA:361,0
DA:362,0
DA:363,0
DA:365,0
DA:369,1
DA:370,0
DA:371,0
DA:375,0
DA:376,0
DA:381,0
DA:387,0
DA:411,0
DA:413,0
DA:417,1
DA:418,0
DA:419,0
DA:423,0
DA:424,0
DA:439,0
DA:441,0
DA:445,1
DA:446,0
DA:447,0
DA:452,0
DA:453,0
DA:454,0
DA:456,0
DA:457,0
DA:499,0
DA:508,0
DA:509,0
DA:511,0
DA:518,0
DA:522,1
DA:523,1
DA:524,0
DA:529,1
DA:530,1
DA:533,1
DA:551,1
DA:552,1
DA:556,1
DA:558,0
DA:561,0
DA:565,0
DA:584,1
DA:588,1
DA:590,1
DA:591,1
DA:593,0
DA:594,0
DA:598,1
DA:599,0
DA:600,0
DA:604,0
DA:605,0
DA:621,0
DA:628,0
DA:629,0
DA:632,0
DA:634,0
DA:638,1
DA:639,0
DA:640,0
DA:644,0
DA:645,0
DA:647,0
DA:652,0
DA:654,0
DA:659,0
DA:665,0
DA:712,0
DA:713,0
DA:714,0
DA:716,0
DA:722,0
DA:726,1
DA:727,0
DA:728,0
DA:733,0
DA:735,0
DA:736,0
DA:738,0
DA:739,0
DA:741,0
DA:747,0
DA:749,0
DA:750,0
DA:752,0
DA:754,0
DA:755,0
DA:758,0
DA:760,0
DA:762,0
DA:769,0
LF:218
LH:83
BRDA:13,0,0,0
BRDA:13,0,1,7
BRDA:28,1,0,0
BRDA:28,1,1,7
BRDA:36,2,0,0
BRDA:36,2,1,7
BRDA:39,3,0,0
BRDA:39,3,1,7
BRDA:69,4,0,0
BRDA:69,4,1,1
BRDA:75,5,0,1
BRDA:75,5,1,0
BRDA:76,6,0,1
BRDA:76,6,1,0
BRDA:104,7,0,1
BRDA:104,7,1,0
BRDA:141,8,0,0
BRDA:141,8,1,1
BRDA:148,9,0,0
BRDA:148,9,1,0
BRDA:163,10,0,0
BRDA:163,10,1,0
BRDA:163,11,0,0
BRDA:163,11,1,0
BRDA:166,12,0,0
BRDA:166,12,1,0
BRDA:166,13,0,0
BRDA:166,13,1,0
BRDA:169,14,0,0
BRDA:169,14,1,0
BRDA:169,15,0,0
BRDA:169,15,1,0
BRDA:181,16,0,0
BRDA:181,16,1,0
BRDA:192,17,0,0
BRDA:192,17,1,1
BRDA:197,18,0,0
BRDA:197,18,1,0
BRDA:200,19,0,0
BRDA:200,19,1,0
BRDA:205,20,0,0
BRDA:205,20,1,0
BRDA:219,21,0,0
BRDA:219,21,1,1
BRDA:219,22,0,1
BRDA:219,22,1,0
BRDA:225,23,0,1
BRDA:225,23,1,1
BRDA:226,24,0,1
BRDA:226,24,1,1
BRDA:237,25,0,1
BRDA:237,25,1,0
BRDA:257,26,0,0
BRDA:257,26,1,1
BRDA:262,27,0,0
BRDA:262,27,1,0
BRDA:272,28,0,0
BRDA:272,28,1,0
BRDA:287,29,0,0
BRDA:287,29,1,0
BRDA:358,30,0,0
BRDA:358,30,1,0
BRDA:370,31,0,0
BRDA:370,31,1,0
BRDA:418,32,0,0
BRDA:418,32,1,0
BRDA:446,33,0,0
BRDA:446,33,1,0
BRDA:452,34,0,0
BRDA:452,34,1,0
BRDA:453,35,0,0
BRDA:453,35,1,0
BRDA:508,36,0,0
BRDA:508,36,1,0
BRDA:523,37,0,0
BRDA:523,37,1,1
BRDA:567,38,0,0
BRDA:567,38,1,0
BRDA:570,39,0,0
BRDA:570,39,1,0
BRDA:575,40,0,0
BRDA:575,40,1,0
BRDA:577,41,0,0
BRDA:577,41,1,0
BRDA:578,42,0,0
BRDA:578,42,1,0
BRDA:579,43,0,0
BRDA:579,43,1,0
BRDA:599,44,0,0
BRDA:599,44,1,0
BRDA:639,45,0,0
BRDA:639,45,1,0
BRDA:712,46,0,0
BRDA:712,46,1,0
BRDA:713,47,0,0
BRDA:713,47,1,0
BRDA:714,48,0,0
BRDA:714,48,1,0
BRDA:727,49,0,0
BRDA:727,49,1,0
BRDA:738,50,0,0
BRDA:738,50,1,0
BRDA:749,51,0,0
BRDA:749,51,1,0
BRDA:750,52,0,0
BRDA:750,52,1,0
BRDA:754,53,0,0
BRDA:754,53,1,0
BRF:108
BRH:19
end_of_record
TN:
SF:controllers\productController.js
FN:4,(anonymous_0)
FN:30,(anonymous_1)
FN:46,(anonymous_2)
FN:90,(anonymous_3)
FN:119,(anonymous_4)
FN:149,(anonymous_5)
FN:164,(anonymous_6)
FN:177,(anonymous_7)
FN:219,(anonymous_8)
FN:244,(anonymous_9)
FN:277,(anonymous_10)
FN:299,(anonymous_11)
FN:321,(anonymous_12)
FN:351,(anonymous_13)
FN:391,(anonymous_14)
FN:403,(anonymous_15)
FN:407,(anonymous_16)
FN:411,(anonymous_17)
FN:419,(anonymous_18)
FN:444,(anonymous_19)
FN:490,(anonymous_20)
FNF:21
FNH:16
FNDA:1,(anonymous_0)
FNDA:1,(anonymous_1)
FNDA:1,(anonymous_2)
FNDA:1,(anonymous_3)
FNDA:1,(anonymous_4)
FNDA:1,(anonymous_5)
FNDA:1,(anonymous_6)
FNDA:1,(anonymous_7)
FNDA:0,(anonymous_8)
FNDA:0,(anonymous_9)
FNDA:1,(anonymous_10)
FNDA:1,(anonymous_11)
FNDA:1,(anonymous_12)
FNDA:1,(anonymous_13)
FNDA:1,(anonymous_14)
FNDA:0,(anonymous_15)
FNDA:0,(anonymous_16)
FNDA:1,(anonymous_17)
FNDA:0,(anonymous_18)
FNDA:1,(anonymous_19)
FNDA:1,(anonymous_20)
DA:4,1
DA:5,1
DA:6,0
DA:11,1
DA:22,1
DA:23,1
DA:24,1
DA:26,0
DA:30,1
DA:31,1
DA:32,1
DA:33,1
DA:34,1
DA:37,1
DA:38,0
DA:40,1
DA:42,0
DA:46,1
DA:47,1
DA:48,1
DA:49,1
DA:51,1
DA:52,0
DA:55,1
DA:57,1
DA:63,1
DA:69,1
DA:73,1
DA:77,1
DA:86,0
DA:90,1
DA:91,1
DA:92,1
DA:94,1
DA:95,1
DA:97,1
DA:99,1
DA:104,1
DA:105,0
DA:108,1
DA:115,0
DA:119,1
DA:120,1
DA:121,0
DA:125,1
DA:126,1
DA:127,1
DA:143,1
DA:145,0
DA:149,1
DA:150,1
DA:151,0
DA:155,1
DA:156,1
DA:157,1
DA:158,1
DA:160,0
DA:164,1
DA:165,1
DA:166,1
DA:167,1
DA:168,1
DA:169,0
DA:171,1
DA:173,0
DA:177,1
DA:178,1
DA:180,1
DA:181,1
DA:182,1
DA:184,1
DA:186,1
DA:193,1
DA:202,1
DA:203,0
DA:206,1
DA:208,1
DA:215,0
DA:219,1
DA:220,0
DA:221,0
DA:225,0
DA:226,0
DA:228,0
DA:241,0
DA:242,0
DA:244,0
DA:245,0
DA:260,0
DA:264,0
DA:269,0
DA:270,0
DA:272,0
DA:273,0
DA:277,1
DA:278,1
DA:279,1
DA:280,1
DA:282,1
DA:283,0
DA:286,1
DA:288,1
DA:290,1
DA:298,1
DA:299,1
DA:301,1
DA:302,1
DA:305,1
DA:311,1
DA:312,0
DA:315,1
DA:317,0
DA:321,1
DA:322,1
DA:323,1
DA:324,1
DA:325,1
DA:327,1
DA:329,1
DA:331,1
DA:335,1
DA:337,1
DA:338,0
DA:340,1
DA:347,0
DA:351,1
DA:352,1
DA:353,1
DA:355,1
DA:356,1
DA:358,1
DA:360,1
DA:362,1
DA:363,1
DA:369,1
DA:370,1
DA:376,1
DA:378,1
DA:380,1
DA:387,0
DA:391,1
DA:392,1
DA:393,1
DA:395,1
DA:396,0
DA:399,1
DA:401,1
DA:403,0
DA:404,0
DA:407,0
DA:408,0
DA:411,1
DA:412,1
DA:416,1
DA:419,0
DA:420,0
DA:424,0
DA:427,0
DA:430,1
DA:432,1
DA:434,1
DA:435,0
DA:438,1
DA:440,0
DA:444,1
DA:445,1
DA:446,1
DA:448,1
DA:449,1
DA:450,1
DA:452,1
DA:454,1
DA:456,1
DA:457,1
DA:460,1
DA:461,1
DA:462,1
DA:464,1
DA:465,1
DA:466,1
DA:469,1
DA:471,1
DA:473,1
DA:474,0
DA:479,1
DA:486,0
DA:490,1
DA:491,1
DA:493,1
DA:494,0
DA:499,1
DA:500,1
DA:507,1
DA:508,0
DA:511,1
DA:513,0
LF:196
LH:143
BRDA:5,0,0,0
BRDA:5,0,1,1
BRDA:37,1,0,0
BRDA:37,1,1,1
BRDA:51,2,0,0
BRDA:51,2,1,1
BRDA:94,3,0,1
BRDA:94,3,1,0
BRDA:95,4,0,1
BRDA:95,4,1,0
BRDA:104,5,0,0
BRDA:104,5,1,1
BRDA:120,6,0,0
BRDA:120,6,1,1
BRDA:150,7,0,0
BRDA:150,7,1,1
BRDA:168,8,0,0
BRDA:168,8,1,1
BRDA:181,9,0,1
BRDA:181,9,1,1
BRDA:182,10,0,1
BRDA:182,10,1,1
BRDA:202,11,0,0
BRDA:202,11,1,1
BRDA:220,12,0,0
BRDA:220,12,1,0
BRDA:282,13,0,0
BRDA:282,13,1,1
BRDA:301,14,0,1
BRDA:301,14,1,0
BRDA:311,15,0,0
BRDA:311,15,1,1
BRDA:324,16,0,1
BRDA:324,16,1,1
BRDA:325,17,0,1
BRDA:325,17,1,1
BRDA:337,18,0,0
BRDA:337,18,1,1
BRDA:355,19,0,1
BRDA:355,19,1,1
BRDA:356,20,0,1
BRDA:356,20,1,1
BRDA:362,21,0,1
BRDA:362,21,1,0
BRDA:369,22,0,1
BRDA:369,22,1,0
BRDA:395,23,0,0
BRDA:395,23,1,1
BRDA:401,24,0,0
BRDA:401,24,1,0
BRDA:401,24,2,1
BRDA:401,24,3,0
BRDA:401,24,4,0
BRDA:434,25,0,0
BRDA:434,25,1,1
BRDA:449,26,0,1
BRDA:449,26,1,1
BRDA:450,27,0,1
BRDA:450,27,1,1
BRDA:456,28,0,1
BRDA:456,28,1,0
BRDA:456,29,0,1
BRDA:456,29,1,1
BRDA:460,30,0,1
BRDA:460,30,1,0
BRDA:460,31,0,1
BRDA:460,31,1,1
BRDA:461,32,0,1
BRDA:461,32,1,1
BRDA:464,33,0,1
BRDA:464,33,1,0
BRDA:464,34,0,1
BRDA:464,34,1,1
BRDA:465,35,0,1
BRDA:465,35,1,0
BRDA:473,36,0,0
BRDA:473,36,1,1
BRDA:493,37,0,0
BRDA:493,37,1,1
BRDA:507,38,0,0
BRDA:507,38,1,1
BRF:81
BRH:50
end_of_record
TN:
SF:controllers\reviewController.js
FN:6,(anonymous_0)
FN:22,(anonymous_1)
FN:41,(anonymous_2)
FN:66,(anonymous_3)
FN:83,(anonymous_4)
FN:108,(anonymous_5)
FN:139,(anonymous_6)
FN:178,(anonymous_7)
FN:212,(anonymous_8)
FN:260,(anonymous_9)
FN:274,(anonymous_10)
FNF:11
FNH:11
FNDA:1,(anonymous_0)
FNDA:1,(anonymous_1)
FNDA:1,(anonymous_2)
FNDA:3,(anonymous_3)
FNDA:1,(anonymous_4)
FNDA:1,(anonymous_5)
FNDA:1,(anonymous_6)
FNDA:1,(anonymous_7)
FNDA:1,(anonymous_8)
FNDA:1,(anonymous_9)
FNDA:4,(anonymous_10)
DA:6,1
DA:7,1
DA:8,1
DA:9,0
DA:13,1
DA:14,1
DA:17,1
DA:18,0
DA:21,1
DA:23,1
DA:32,1
DA:35,1
DA:37,0
DA:41,1
DA:42,1
DA:43,1
DA:44,1
DA:45,1
DA:47,1
DA:49,1
DA:53,1
DA:55,1
DA:61,1
DA:62,0
DA:65,1
DA:66,3
DA:69,1
DA:71,1
DA:79,0
DA:83,1
DA:84,1
DA:85,1
DA:86,1
DA:87,1
DA:88,0
DA:90,1
DA:91,0
DA:92,0
DA:93,0
DA:94,0
DA:98,1
DA:100,1
DA:104,0
DA:108,1
DA:109,1
DA:110,1
DA:111,1
DA:112,1
DA:113,0
DA:115,1
DA:116,0
DA:120,1
DA:133,1
DA:135,0
DA:139,1
DA:140,1
DA:141,1
DA:142,0
DA:147,1
DA:148,1
DA:150,1
DA:152,1
DA:153,1
DA:155,1
DA:160,1
DA:161,0
DA:164,1
DA:165,1
DA:167,1
DA:174,0
DA:178,1
DA:179,1
DA:181,1
DA:182,0
DA:187,1
DA:189,1
DA:190,0
DA:193,1
DA:194,1
DA:196,1
DA:197,0
DA:200,1
DA:204,1
DA:206,1
DA:208,0
DA:212,1
DA:213,1
DA:214,1
DA:216,1
DA:217,1
DA:218,1
DA:220,1
DA:222,1
DA:223,1
DA:224,0
DA:227,1
DA:234,1
DA:236,1
DA:245,1
DA:246,0
DA:249,1
DA:256,0
DA:260,1
DA:261,1
DA:262,1
DA:263,1
DA:265,1
DA:274,1
DA:275,4
DA:276,4
DA:280,1
DA:282,0
LF:112
LH:87
BRDA:8,0,0,0
BRDA:8,0,1,1
BRDA:17,1,0,0
BRDA:17,1,1,1
BRDA:44,2,0,1
BRDA:44,2,1,1
BRDA:45,3,0,1
BRDA:45,3,1,1
BRDA:61,4,0,0
BRDA:61,4,1,1
BRDA:87,5,0,0
BRDA:87,5,1,1
BRDA:90,6,0,0
BRDA:90,6,1,1
BRDA:90,7,0,1
BRDA:90,7,1,0
BRDA:112,8,0,0
BRDA:112,8,1,1
BRDA:115,9,0,0
BRDA:115,9,1,1
BRDA:115,10,0,1
BRDA:115,10,1,1
BRDA:141,11,0,0
BRDA:141,11,1,1
BRDA:141,12,0,1
BRDA:141,12,1,0
BRDA:147,13,0,1
BRDA:147,13,1,1
BRDA:148,14,0,1
BRDA:148,14,1,1
BRDA:160,15,0,0
BRDA:160,15,1,1
BRDA:181,16,0,0
BRDA:181,16,1,1
BRDA:189,17,0,0
BRDA:189,17,1,1
BRDA:196,18,0,0
BRDA:196,18,1,1
BRDA:217,19,0,1
BRDA:217,19,1,1
BRDA:218,20,0,1
BRDA:218,20,1,1
BRDA:223,21,0,0
BRDA:223,21,1,1
BRDA:223,22,0,1
BRDA:223,22,1,1
BRDA:223,22,2,1
BRDA:245,23,0,0
BRDA:245,23,1,1
BRDA:275,24,0,4
BRDA:275,24,1,0
BRDA:275,25,0,4
BRDA:275,25,1,4
BRF:53
BRH:36
end_of_record
TN:
SF:controllers\userController.js
FN:7,(anonymous_0)
FN:20,(anonymous_1)
FN:66,(anonymous_2)
FN:80,(anonymous_3)
FN:89,(anonymous_4)
FN:105,(anonymous_5)
FN:115,(anonymous_6)
FN:158,(anonymous_7)
FN:173,(anonymous_8)
FN:200,(anonymous_9)
FN:231,(anonymous_10)
FN:257,(anonymous_11)
FNF:12
FNH:9
FNDA:1,(anonymous_0)
FNDA:1,(anonymous_1)
FNDA:0,(anonymous_2)
FNDA:0,(anonymous_3)
FNDA:0,(anonymous_4)
FNDA:1,(anonymous_5)
FNDA:1,(anonymous_6)
FNDA:1,(anonymous_7)
FNDA:1,(anonymous_8)
FNDA:1,(anonymous_9)
FNDA:1,(anonymous_10)
FNDA:1,(anonymous_11)
DA:7,1
DA:8,1
DA:9,0
DA:13,1
DA:14,1
DA:15,1
DA:16,1
DA:18,1
DA:20,1
DA:21,1
DA:22,1
DA:25,1
DA:27,1
DA:28,1
DA:33,1
DA:39,1
DA:43,1
DA:47,1
DA:48,0
DA:51,1
DA:53,1
DA:62,0
DA:66,1
DA:67,0
DA:68,0
DA:71,0
DA:72,0
DA:74,0
DA:76,0
DA:80,1
DA:81,0
DA:83,0
DA:84,0
DA:85,0
DA:86,0
DA:89,0
DA:91,0
DA:95,0
DA:96,0
DA:99,0
DA:101,0
DA:105,1
DA:106,1
DA:107,1
DA:108,1
DA:109,0
DA:111,1
DA:112,1
DA:115,1
DA:116,1
DA:117,1
DA:118,0
DA:122,1
DA:123,0
DA:124,0
DA:128,0
DA:131,1
DA:141,1
DA:142,0
DA:145,1
DA:146,1
DA:151,1
DA:152,1
DA:154,0
DA:158,1
DA:159,1
DA:160,1
DA:161,0
DA:165,1
DA:166,1
DA:167,1
DA:169,0
DA:173,1
DA:174,1
DA:175,0
DA:180,1
DA:181,1
DA:184,1
DA:197,1
DA:198,1
DA:200,1
DA:201,1
DA:203,1
DA:217,1
DA:221,1
DA:223,1
DA:224,1
DA:226,0
DA:227,0
DA:231,1
DA:232,1
DA:241,1
DA:242,1
DA:247,1
DA:248,0
DA:251,1
DA:253,0
DA:257,1
DA:258,1
DA:259,0
DA:264,1
DA:266,1
DA:267,1
DA:269,1
DA:270,1
DA:272,0
DA:278,1
DA:280,1
DA:281,0
DA:284,1
DA:286,0
LF:111
LH:73
BRDA:8,0,0,0
BRDA:8,0,1,1
BRDA:14,1,0,1
BRDA:14,1,1,1
BRDA:15,2,0,1
BRDA:15,2,1,1
BRDA:47,3,0,0
BRDA:47,3,1,1
BRDA:71,4,0,0
BRDA:71,4,1,0
BRDA:85,5,0,0
BRDA:85,5,1,0
BRDA:95,6,0,0
BRDA:95,6,1,0
BRDA:108,7,0,0
BRDA:108,7,1,1
BRDA:117,8,0,0
BRDA:117,8,1,1
BRDA:122,9,0,0
BRDA:122,9,1,1
BRDA:123,10,0,0
BRDA:123,10,1,0
BRDA:141,11,0,0
BRDA:141,11,1,1
BRDA:160,12,0,0
BRDA:160,12,1,1
BRDA:174,13,0,0
BRDA:174,13,1,1
BRDA:201,14,0,1
BRDA:201,14,1,1
BRDA:207,15,0,1
BRDA:207,15,1,1
BRDA:208,16,0,1
BRDA:208,16,1,1
BRDA:209,17,0,1
BRDA:209,17,1,1
BRDA:211,18,0,0
BRDA:211,18,1,1
BRDA:232,19,0,1
BRDA:232,19,1,0
BRDA:247,20,0,0
BRDA:247,20,1,1
BRDA:258,21,0,0
BRDA:258,21,1,1
BRDA:269,22,0,1
BRDA:269,22,1,0
BRDA:280,23,0,0
BRDA:280,23,1,1
BRF:48
BRH:26
end_of_record
TN:
SF:controllers\voucherController.js
FN:4,(anonymous_0)
FN:38,(anonymous_1)
FN:85,(anonymous_2)
FN:103,(anonymous_3)
FN:143,(anonymous_4)
FN:163,(anonymous_5)
FN:186,(anonymous_6)
FN:189,(anonymous_7)
FN:200,(anonymous_8)
FN:203,(anonymous_9)
FN:221,(anonymous_10)
FN:230,(anonymous_11)
FN:231,(anonymous_12)
FN:245,(anonymous_13)
FN:273,(anonymous_14)
FN:275,(anonymous_15)
FN:278,(anonymous_16)
FN:313,(anonymous_17)
FNF:18
FNH:8
FNDA:1,(anonymous_0)
FNDA:1,(anonymous_1)
FNDA:0,(anonymous_2)
FNDA:1,(anonymous_3)
FNDA:1,(anonymous_4)
FNDA:1,(anonymous_5)
FNDA:1,(anonymous_6)
FNDA:1,(anonymous_7)
FNDA:0,(anonymous_8)
FNDA:0,(anonymous_9)
FNDA:0,(anonymous_10)
FNDA:0,(anonymous_11)
FNDA:0,(anonymous_12)
FNDA:0,(anonymous_13)
FNDA:0,(anonymous_14)
FNDA:0,(anonymous_15)
FNDA:0,(anonymous_16)
FNDA:1,(anonymous_17)
DA:4,1
DA:5,1
DA:14,1
DA:15,1
DA:16,0
DA:20,1
DA:21,1
DA:31,1
DA:32,0
DA:34,1
DA:38,1
DA:39,1
DA:40,1
DA:41,0
DA:45,1
DA:46,1
DA:47,1
DA:48,0
DA:50,1
DA:52,1
DA:58,1
DA:64,1
DA:68,1
DA:72,1
DA:81,0
DA:85,1
DA:86,0
DA:87,0
DA:88,0
DA:92,0
DA:93,0
DA:94,0
DA:95,0
DA:97,0
DA:99,0
DA:103,1
DA:104,1
DA:114,1
DA:115,1
DA:116,0
DA:120,1
DA:121,1
DA:137,1
DA:139,0
DA:143,1
DA:144,1
DA:145,1
DA:146,0
DA:150,1
DA:151,1
DA:152,1
DA:153,0
DA:155,1
DA:159,0
DA:163,1
DA:164,1
DA:165,1
DA:167,1
DA:168,1
DA:169,1
DA:170,0
DA:173,1
DA:174,0
DA:175,0
DA:178,1
DA:179,0
DA:180,0
DA:181,0
DA:184,1
DA:186,1
DA:187,1
DA:189,1
DA:190,1
DA:192,1
DA:193,0
DA:199,1
DA:200,0
DA:201,0
DA:203,0
DA:204,0
DA:206,0
DA:207,0
DA:213,1
DA:214,1
DA:215,1
DA:217,0
DA:221,1
DA:222,0
DA:223,0
DA:224,0
DA:226,0
DA:227,0
DA:228,0
DA:230,0
DA:231,0
DA:232,0
DA:234,0
DA:236,0
DA:237,0
DA:239,0
DA:241,0
DA:245,1
DA:246,0
DA:247,0
DA:252,0
DA:253,0
DA:256,0
DA:270,0
DA:271,0
DA:273,0
DA:275,0
DA:278,0
DA:281,0
DA:296,0
DA:300,0
DA:305,0
DA:306,0
DA:308,0
DA:309,0
DA:313,1
DA:314,1
DA:315,0
DA:320,1
DA:321,1
DA:335,1
DA:336,1
DA:338,1
DA:343,0
LF:128
LH:62
BRDA:15,0,0,0
BRDA:15,0,1,1
BRDA:40,1,0,0
BRDA:40,1,1,1
BRDA:47,2,0,0
BRDA:47,2,1,1
BRDA:87,3,0,0
BRDA:87,3,1,0
BRDA:94,4,0,0
BRDA:94,4,1,0
BRDA:115,5,0,0
BRDA:115,5,1,1
BRDA:145,6,0,0
BRDA:145,6,1,1
BRDA:152,7,0,0
BRDA:152,7,1,1
BRDA:169,8,0,0
BRDA:169,8,1,1
BRDA:173,9,0,0
BRDA:173,9,1,1
BRDA:178,10,0,0
BRDA:178,10,1,1
BRDA:184,11,0,1
BRDA:184,11,1,0
BRDA:192,12,0,0
BRDA:192,12,1,1
BRDA:199,13,0,0
BRDA:199,13,1,1
BRDA:206,14,0,0
BRDA:206,14,1,0
BRDA:223,15,0,0
BRDA:223,15,1,0
BRDA:227,16,0,0
BRDA:227,16,1,0
BRDA:236,17,0,0
BRDA:236,17,1,0
BRDA:246,18,0,0
BRDA:246,18,1,0
BRDA:275,19,0,0
BRDA:275,19,1,0
BRDA:278,20,0,0
BRDA:278,20,1,0
BRDA:314,21,0,0
BRDA:314,21,1,1
BRDA:335,22,0,1
BRDA:335,22,1,0
BRDA:336,23,0,1
BRDA:336,23,1,0
BRF:48
BRH:15
end_of_record
TN:
SF:lib\pusher.js
FNF:0
FNH:0
DA:3,1
LF:1
LH:1
BRF:0
BRH:0
end_of_record
TN:
SF:models\cartModel.js
FNF:0
FNH:0
DA:3,1
DA:52,1
LF:2
LH:2
BRF:0
BRH:0
end_of_record
TN:
SF:models\categoryModel.js
FNF:0
FNH:0
DA:3,1
DA:26,1
LF:2
LH:2
BRF:0
BRH:0
end_of_record
TN:
SF:models\chatModel.js
FNF:0
FNH:0
DA:3,2
DA:43,2
LF:2
LH:2
BRF:0
BRH:0
end_of_record
TN:
SF:models\messageModel.js
FNF:0
FNH:0
DA:3,1
DA:39,1
LF:2
LH:2
BRF:0
BRH:0
end_of_record
TN:
SF:models\orderModel.js
FNF:0
FNH:0
DA:3,2
DA:90,2
LF:2
LH:2
BRF:0
BRH:0
end_of_record
TN:
SF:models\productModel.js
FNF:0
FNH:0
DA:3,6
DA:51,6
LF:2
LH:2
BRF:0
BRH:0
end_of_record
TN:
SF:models\reviewModel.js
FNF:0
FNH:0
DA:3,1
DA:55,1
LF:2
LH:2
BRF:0
BRH:0
end_of_record
TN:
SF:models\userModel.js
FNF:0
FNH:0
DA:3,6
DA:57,6
LF:2
LH:2
BRF:0
BRH:0
end_of_record
TN:
SF:models\voucherModel.js
FNF:0
FNH:0
DA:3,1
DA:53,1
LF:2
LH:2
BRF:0
BRH:0
end_of_record
TN:
SF:tests\helpers\categoryHelper.js
FN:3,createCategory
FNF:1
FNH:1
FNDA:7,createCategory
DA:1,1
DA:4,7
DA:10,7
DA:13,1
LF:4
LH:4
BRDA:3,0,0,0
BRF:1
BRH:0
end_of_record
TN:
SF:tests\helpers\chatHelper.js
FN:3,createChat
FNF:1
FNH:1
FNDA:4,createChat
DA:1,1
DA:4,4
DA:9,4
DA:12,1
LF:4
LH:4
BRDA:3,0,0,0
BRF:1
BRH:0
end_of_record
TN:
SF:tests\helpers\orderHelper.js
FN:35,createOrderPayload
FN:68,createOrder
FNF:2
FNH:2
FNDA:8,createOrderPayload
FNDA:1,createOrder
DA:1,1
DA:2,1
DA:3,1
DA:4,1
DA:36,8
DA:46,8
DA:69,1
DA:70,1
DA:73,1
LF:9
LH:9
BRDA:68,0,0,1
BRF:1
BRH:1
end_of_record
TN:
SF:tests\helpers\productHelper.js
FN:4,createProduct
FNF:1
FNH:1
FNDA:20,createProduct
DA:2,2
DA:5,20
DA:15,20
DA:18,2
LF:4
LH:4
BRDA:4,0,0,0
BRF:1
BRH:0
end_of_record
TN:
SF:tests\helpers\reviewHelper.js
FN:11,createReview
FN:32,createMultipleReviews
FNF:2
FNH:2
FNDA:3,createReview
FNDA:4,createMultipleReviews
DA:12,3
DA:21,3
DA:22,3
DA:36,4
DA:37,4
DA:38,14
DA:46,14
DA:48,4
LF:8
LH:8
BRDA:11,0,0,1
BRDA:32,1,0,0
BRDA:33,2,0,0
BRDA:34,3,0,0
BRDA:39,4,0,14
BRDA:39,4,1,12
BRDA:40,5,0,14
BRDA:40,5,1,2
BRF:8
BRH:5
end_of_record
TN:
SF:tests\helpers\userHelper.js
FN:3,createUser
FN:14,createAdminUser
FNF:2
FNH:2
FNDA:15,createUser
FNDA:1,createAdminUser
DA:1,4
DA:4,15
DA:11,15
DA:15,1
DA:22,1
DA:25,4
LF:6
LH:6
BRDA:3,0,0,6
BRDA:14,1,0,1
BRF:2
BRH:2
end_of_record
TN:
SF:tests\helpers\voucherHelper.js
FN:5,createVoucher
FN:22,createMultipleVouchers
FN:34,createExpiredVoucher
FN:42,createUsedUpVoucher
FNF:4
FNH:1
FNDA:7,createVoucher
FNDA:0,createMultipleVouchers
FNDA:0,createExpiredVoucher
FNDA:0,createUsedUpVoucher
DA:6,7
DA:17,7
DA:18,7
DA:19,7
DA:23,0
DA:24,0
DA:25,0
DA:29,0
DA:31,0
DA:35,0
DA:43,0
LF:11
LH:4
BRDA:5,0,0,0
BRDA:22,1,0,0
BRDA:22,2,0,0
BRF:3
BRH:0
end_of_record
TN:
SF:tests\setup\mongoMemoryServer.js
FN:6,(anonymous_0)
FN:16,(anonymous_1)
FN:22,(anonymous_2)
FNF:3
FNH:3
FNDA:9,(anonymous_0)
FNDA:9,(anonymous_1)
FNDA:67,(anonymous_2)
DA:1,9
DA:2,9
DA:6,9
DA:7,9
DA:8,9
DA:10,9
DA:16,9
DA:17,9
DA:18,9
DA:19,9
DA:22,9
DA:23,67
DA:24,67
DA:25,153
LF:14
LH:14
BRF:0
BRH:0
end_of_record
